<?xml version="1.0" encoding="utf-8"?>
<CoverageSession>
  <Summary numSequencePoints="4600" visitedSequencePoints="228" numBranchPoints="308" visitedBranchPoints="1" sequenceCoverage="4.95" branchCoverage="0.32" maxCyclomaticComplexity="311" minCyclomaticComplexity="49" visitedClasses="10" numClasses="72" visitedMethods="53" numMethods="132" />
  <Modules>
    <Module hash="83484904-03E9-4B0D-8052-0257D3D28C9A">
      <ModulePath>ConsoleShopper.Domain.dll</ModulePath>
      <ModuleTime>2020-05-17T04:34:14</ModuleTime>
      <ModuleName>ConsoleShopper.Domain</ModuleName>
      <Files>
        <File uid="1" fullPath="C:\Revature\sulavAryal-repo0\Project 0_Working\ConsoleShopper.Domain\Domains\Customer.cs" />
        <File uid="2" fullPath="C:\Revature\sulavAryal-repo0\Project 0_Working\ConsoleShopper.Domain\Domains\CustomerAddress.cs" />
        <File uid="3" fullPath="C:\Revature\sulavAryal-repo0\Project 0_Working\ConsoleShopper.Domain\Domains\InventoryItem.cs" />
        <File uid="4" fullPath="C:\Revature\sulavAryal-repo0\Project 0_Working\ConsoleShopper.Domain\Domains\Order.cs" />
        <File uid="5" fullPath="C:\Revature\sulavAryal-repo0\Project 0_Working\ConsoleShopper.Domain\Domains\OrderLineItem.cs" />
        <File uid="6" fullPath="C:\Revature\sulavAryal-repo0\Project 0_Working\ConsoleShopper.Domain\Domains\Product.cs" />
        <File uid="7" fullPath="C:\Revature\sulavAryal-repo0\Project 0_Working\ConsoleShopper.Domain\Domains\Store.cs" />
        <File uid="8" fullPath="C:\Revature\sulavAryal-repo0\Project 0_Working\ConsoleShopper.Domain\Domains\UserType.cs" />
      </Files>
      <Classes>
        <Class>
          <Summary numSequencePoints="12" visitedSequencePoints="8" numBranchPoints="0" visitedBranchPoints="0" sequenceCoverage="66.66" branchCoverage="100" maxCyclomaticComplexity="1" minCyclomaticComplexity="1" visitedClasses="1" numClasses="1" visitedMethods="8" numMethods="10" />
          <FullName>ConsoleShopper.Domain.Customer</FullName>
          <Methods>
            <Method cyclomaticComplexity="1" nPathComplexity="0" sequenceCoverage="100" branchCoverage="100" isConstructor="False" isGetter="True" isSetter="False" isStatic="True">
              <Summary numSequencePoints="1" visitedSequencePoints="1" numBranchPoints="0" visitedBranchPoints="0" sequenceCoverage="100" branchCoverage="100" maxCyclomaticComplexity="1" minCyclomaticComplexity="1" visitedClasses="0" numClasses="0" visitedMethods="1" numMethods="1" />
              <MetadataToken />
              <Name>System.Int32 ConsoleShopper.Domain.Customer::get_Id()</Name>
              <FileRef uid="1" />
              <SequencePoints>
                <SequencePoint vc="43" uspid="10" ordinal="0" sl="10" sc="1" el="10" ec="2" bec="0" bev="0" fileid="1" />
              </SequencePoints>
              <BranchPoints />
              <MethodPoint vc="1" uspid="0" p8:type="SequencePoint" ordinal="0" offset="0" sc="0" sl="10" ec="1" el="10" bec="0" bev="0" fileid="1" xmlns:p8="xsi" />
            </Method>
            <Method cyclomaticComplexity="1" nPathComplexity="0" sequenceCoverage="100" branchCoverage="100" isConstructor="False" isGetter="True" isSetter="False" isStatic="True">
              <Summary numSequencePoints="1" visitedSequencePoints="1" numBranchPoints="0" visitedBranchPoints="0" sequenceCoverage="100" branchCoverage="100" maxCyclomaticComplexity="1" minCyclomaticComplexity="1" visitedClasses="0" numClasses="0" visitedMethods="1" numMethods="1" />
              <MetadataToken />
              <Name>System.String ConsoleShopper.Domain.Customer::get_FirstName()</Name>
              <FileRef uid="1" />
              <SequencePoints>
                <SequencePoint vc="42" uspid="15" ordinal="0" sl="15" sc="1" el="15" ec="2" bec="0" bev="0" fileid="1" />
              </SequencePoints>
              <BranchPoints />
              <MethodPoint vc="1" uspid="0" p8:type="SequencePoint" ordinal="1" offset="1" sc="0" sl="15" ec="1" el="15" bec="0" bev="0" fileid="1" xmlns:p8="xsi" />
            </Method>
            <Method cyclomaticComplexity="1" nPathComplexity="0" sequenceCoverage="100" branchCoverage="100" isConstructor="False" isGetter="True" isSetter="False" isStatic="True">
              <Summary numSequencePoints="1" visitedSequencePoints="1" numBranchPoints="0" visitedBranchPoints="0" sequenceCoverage="100" branchCoverage="100" maxCyclomaticComplexity="1" minCyclomaticComplexity="1" visitedClasses="0" numClasses="0" visitedMethods="1" numMethods="1" />
              <MetadataToken />
              <Name>System.String ConsoleShopper.Domain.Customer::get_LastName()</Name>
              <FileRef uid="1" />
              <SequencePoints>
                <SequencePoint vc="41" uspid="20" ordinal="0" sl="20" sc="1" el="20" ec="2" bec="0" bev="0" fileid="1" />
              </SequencePoints>
              <BranchPoints />
              <MethodPoint vc="1" uspid="0" p8:type="SequencePoint" ordinal="2" offset="2" sc="0" sl="20" ec="1" el="20" bec="0" bev="0" fileid="1" xmlns:p8="xsi" />
            </Method>
            <Method cyclomaticComplexity="1" nPathComplexity="0" sequenceCoverage="100" branchCoverage="100" isConstructor="False" isGetter="True" isSetter="False" isStatic="True">
              <Summary numSequencePoints="1" visitedSequencePoints="1" numBranchPoints="0" visitedBranchPoints="0" sequenceCoverage="100" branchCoverage="100" maxCyclomaticComplexity="1" minCyclomaticComplexity="1" visitedClasses="0" numClasses="0" visitedMethods="1" numMethods="1" />
              <MetadataToken />
              <Name>System.String ConsoleShopper.Domain.Customer::get_Email()</Name>
              <FileRef uid="1" />
              <SequencePoints>
                <SequencePoint vc="41" uspid="25" ordinal="0" sl="25" sc="1" el="25" ec="2" bec="0" bev="0" fileid="1" />
              </SequencePoints>
              <BranchPoints />
              <MethodPoint vc="1" uspid="0" p8:type="SequencePoint" ordinal="3" offset="3" sc="0" sl="25" ec="1" el="25" bec="0" bev="0" fileid="1" xmlns:p8="xsi" />
            </Method>
            <Method cyclomaticComplexity="1" nPathComplexity="0" sequenceCoverage="100" branchCoverage="100" isConstructor="False" isGetter="True" isSetter="False" isStatic="True">
              <Summary numSequencePoints="1" visitedSequencePoints="1" numBranchPoints="0" visitedBranchPoints="0" sequenceCoverage="100" branchCoverage="100" maxCyclomaticComplexity="1" minCyclomaticComplexity="1" visitedClasses="0" numClasses="0" visitedMethods="1" numMethods="1" />
              <MetadataToken />
              <Name>System.String ConsoleShopper.Domain.Customer::get_PhoneNo()</Name>
              <FileRef uid="1" />
              <SequencePoints>
                <SequencePoint vc="21" uspid="30" ordinal="0" sl="30" sc="1" el="30" ec="2" bec="0" bev="0" fileid="1" />
              </SequencePoints>
              <BranchPoints />
              <MethodPoint vc="1" uspid="0" p8:type="SequencePoint" ordinal="4" offset="4" sc="0" sl="30" ec="1" el="30" bec="0" bev="0" fileid="1" xmlns:p8="xsi" />
            </Method>
            <Method cyclomaticComplexity="1" nPathComplexity="0" sequenceCoverage="100" branchCoverage="100" isConstructor="False" isGetter="True" isSetter="False" isStatic="True">
              <Summary numSequencePoints="1" visitedSequencePoints="1" numBranchPoints="0" visitedBranchPoints="0" sequenceCoverage="100" branchCoverage="100" maxCyclomaticComplexity="1" minCyclomaticComplexity="1" visitedClasses="0" numClasses="0" visitedMethods="1" numMethods="1" />
              <MetadataToken />
              <Name>System.String ConsoleShopper.Domain.Customer::get_Password()</Name>
              <FileRef uid="1" />
              <SequencePoints>
                <SequencePoint vc="41" uspid="35" ordinal="0" sl="35" sc="1" el="35" ec="2" bec="0" bev="0" fileid="1" />
              </SequencePoints>
              <BranchPoints />
              <MethodPoint vc="1" uspid="0" p8:type="SequencePoint" ordinal="5" offset="5" sc="0" sl="35" ec="1" el="35" bec="0" bev="0" fileid="1" xmlns:p8="xsi" />
            </Method>
            <Method cyclomaticComplexity="1" nPathComplexity="0" sequenceCoverage="100" branchCoverage="100" isConstructor="False" isGetter="True" isSetter="False" isStatic="True">
              <Summary numSequencePoints="1" visitedSequencePoints="1" numBranchPoints="0" visitedBranchPoints="0" sequenceCoverage="100" branchCoverage="100" maxCyclomaticComplexity="1" minCyclomaticComplexity="1" visitedClasses="0" numClasses="0" visitedMethods="1" numMethods="1" />
              <MetadataToken />
              <Name>ConsoleShopper.Domain.CustomerAddress ConsoleShopper.Domain.Customer::get_CustomerAddress()</Name>
              <FileRef uid="1" />
              <SequencePoints>
                <SequencePoint vc="22" uspid="40" ordinal="0" sl="40" sc="1" el="40" ec="2" bec="0" bev="0" fileid="1" />
              </SequencePoints>
              <BranchPoints />
              <MethodPoint vc="1" uspid="0" p8:type="SequencePoint" ordinal="6" offset="6" sc="0" sl="40" ec="1" el="40" bec="0" bev="0" fileid="1" xmlns:p8="xsi" />
            </Method>
            <Method cyclomaticComplexity="1" nPathComplexity="0" sequenceCoverage="100" branchCoverage="100" isConstructor="False" isGetter="True" isSetter="False" isStatic="True">
              <Summary numSequencePoints="1" visitedSequencePoints="1" numBranchPoints="0" visitedBranchPoints="0" sequenceCoverage="100" branchCoverage="100" maxCyclomaticComplexity="1" minCyclomaticComplexity="1" visitedClasses="0" numClasses="0" visitedMethods="1" numMethods="1" />
              <MetadataToken />
              <Name>System.Int32 ConsoleShopper.Domain.Customer::get_UserTypeId()</Name>
              <FileRef uid="1" />
              <SequencePoints>
                <SequencePoint vc="41" uspid="45" ordinal="0" sl="45" sc="1" el="45" ec="2" bec="0" bev="0" fileid="1" />
              </SequencePoints>
              <BranchPoints />
              <MethodPoint vc="1" uspid="0" p8:type="SequencePoint" ordinal="7" offset="7" sc="0" sl="45" ec="1" el="45" bec="0" bev="0" fileid="1" xmlns:p8="xsi" />
            </Method>
            <Method cyclomaticComplexity="1" nPathComplexity="0" sequenceCoverage="0" branchCoverage="100" isConstructor="False" isGetter="True" isSetter="False" isStatic="True">
              <Summary numSequencePoints="1" visitedSequencePoints="0" numBranchPoints="0" visitedBranchPoints="0" sequenceCoverage="0" branchCoverage="100" maxCyclomaticComplexity="1" minCyclomaticComplexity="1" visitedClasses="0" numClasses="0" visitedMethods="0" numMethods="1" />
              <MetadataToken />
              <Name>ConsoleShopper.Domain.UserType ConsoleShopper.Domain.Customer::get_UserType()</Name>
              <FileRef uid="1" />
              <SequencePoints>
                <SequencePoint vc="0" uspid="49" ordinal="0" sl="49" sc="1" el="49" ec="2" bec="0" bev="0" fileid="1" />
              </SequencePoints>
              <BranchPoints />
              <MethodPoint vc="0" uspid="0" p8:type="SequencePoint" ordinal="8" offset="8" sc="0" sl="49" ec="1" el="49" bec="0" bev="0" fileid="1" xmlns:p8="xsi" />
            </Method>
            <Method cyclomaticComplexity="1" nPathComplexity="0" sequenceCoverage="0" branchCoverage="100" isConstructor="False" isGetter="False" isSetter="False" isStatic="True">
              <Summary numSequencePoints="3" visitedSequencePoints="0" numBranchPoints="0" visitedBranchPoints="0" sequenceCoverage="0" branchCoverage="100" maxCyclomaticComplexity="1" minCyclomaticComplexity="1" visitedClasses="0" numClasses="0" visitedMethods="0" numMethods="1" />
              <MetadataToken />
              <Name>System.String ConsoleShopper.Domain.Customer::ToString()</Name>
              <FileRef uid="1" />
              <SequencePoints>
                <SequencePoint vc="0" uspid="55" ordinal="0" sl="55" sc="1" el="55" ec="2" bec="0" bev="0" fileid="1" />
                <SequencePoint vc="0" uspid="56" ordinal="1" sl="56" sc="1" el="56" ec="2" bec="0" bev="0" fileid="1" />
                <SequencePoint vc="0" uspid="57" ordinal="2" sl="57" sc="1" el="57" ec="2" bec="0" bev="0" fileid="1" />
              </SequencePoints>
              <BranchPoints />
              <MethodPoint vc="0" uspid="0" p8:type="SequencePoint" ordinal="9" offset="9" sc="0" sl="55" ec="1" el="57" bec="0" bev="0" fileid="1" xmlns:p8="xsi" />
            </Method>
          </Methods>
        </Class>
        <Class>
          <Summary numSequencePoints="7" visitedSequencePoints="6" numBranchPoints="0" visitedBranchPoints="0" sequenceCoverage="85.71" branchCoverage="100" maxCyclomaticComplexity="1" minCyclomaticComplexity="1" visitedClasses="1" numClasses="1" visitedMethods="6" numMethods="7" />
          <FullName>ConsoleShopper.Domain.CustomerAddress</FullName>
          <Methods>
            <Method cyclomaticComplexity="1" nPathComplexity="0" sequenceCoverage="100" branchCoverage="100" isConstructor="False" isGetter="True" isSetter="False" isStatic="True">
              <Summary numSequencePoints="1" visitedSequencePoints="1" numBranchPoints="0" visitedBranchPoints="0" sequenceCoverage="100" branchCoverage="100" maxCyclomaticComplexity="1" minCyclomaticComplexity="1" visitedClasses="0" numClasses="0" visitedMethods="1" numMethods="1" />
              <MetadataToken />
              <Name>System.Int32 ConsoleShopper.Domain.CustomerAddress::get_Id()</Name>
              <FileRef uid="2" />
              <SequencePoints>
                <SequencePoint vc="41" uspid="13" ordinal="0" sl="13" sc="1" el="13" ec="2" bec="0" bev="0" fileid="2" />
              </SequencePoints>
              <BranchPoints />
              <MethodPoint vc="1" uspid="0" p8:type="SequencePoint" ordinal="0" offset="0" sc="0" sl="13" ec="1" el="13" bec="0" bev="0" fileid="2" xmlns:p8="xsi" />
            </Method>
            <Method cyclomaticComplexity="1" nPathComplexity="0" sequenceCoverage="100" branchCoverage="100" isConstructor="False" isGetter="True" isSetter="False" isStatic="True">
              <Summary numSequencePoints="1" visitedSequencePoints="1" numBranchPoints="0" visitedBranchPoints="0" sequenceCoverage="100" branchCoverage="100" maxCyclomaticComplexity="1" minCyclomaticComplexity="1" visitedClasses="0" numClasses="0" visitedMethods="1" numMethods="1" />
              <MetadataToken />
              <Name>System.String ConsoleShopper.Domain.CustomerAddress::get_Street()</Name>
              <FileRef uid="2" />
              <SequencePoints>
                <SequencePoint vc="41" uspid="18" ordinal="0" sl="18" sc="1" el="18" ec="2" bec="0" bev="0" fileid="2" />
              </SequencePoints>
              <BranchPoints />
              <MethodPoint vc="1" uspid="0" p8:type="SequencePoint" ordinal="1" offset="1" sc="0" sl="18" ec="1" el="18" bec="0" bev="0" fileid="2" xmlns:p8="xsi" />
            </Method>
            <Method cyclomaticComplexity="1" nPathComplexity="0" sequenceCoverage="100" branchCoverage="100" isConstructor="False" isGetter="True" isSetter="False" isStatic="True">
              <Summary numSequencePoints="1" visitedSequencePoints="1" numBranchPoints="0" visitedBranchPoints="0" sequenceCoverage="100" branchCoverage="100" maxCyclomaticComplexity="1" minCyclomaticComplexity="1" visitedClasses="0" numClasses="0" visitedMethods="1" numMethods="1" />
              <MetadataToken />
              <Name>System.String ConsoleShopper.Domain.CustomerAddress::get_City()</Name>
              <FileRef uid="2" />
              <SequencePoints>
                <SequencePoint vc="41" uspid="23" ordinal="0" sl="23" sc="1" el="23" ec="2" bec="0" bev="0" fileid="2" />
              </SequencePoints>
              <BranchPoints />
              <MethodPoint vc="1" uspid="0" p8:type="SequencePoint" ordinal="2" offset="2" sc="0" sl="23" ec="1" el="23" bec="0" bev="0" fileid="2" xmlns:p8="xsi" />
            </Method>
            <Method cyclomaticComplexity="1" nPathComplexity="0" sequenceCoverage="100" branchCoverage="100" isConstructor="False" isGetter="True" isSetter="False" isStatic="True">
              <Summary numSequencePoints="1" visitedSequencePoints="1" numBranchPoints="0" visitedBranchPoints="0" sequenceCoverage="100" branchCoverage="100" maxCyclomaticComplexity="1" minCyclomaticComplexity="1" visitedClasses="0" numClasses="0" visitedMethods="1" numMethods="1" />
              <MetadataToken />
              <Name>System.String ConsoleShopper.Domain.CustomerAddress::get_State()</Name>
              <FileRef uid="2" />
              <SequencePoints>
                <SequencePoint vc="41" uspid="25" ordinal="0" sl="25" sc="1" el="25" ec="2" bec="0" bev="0" fileid="2" />
              </SequencePoints>
              <BranchPoints />
              <MethodPoint vc="1" uspid="0" p8:type="SequencePoint" ordinal="3" offset="3" sc="0" sl="25" ec="1" el="25" bec="0" bev="0" fileid="2" xmlns:p8="xsi" />
            </Method>
            <Method cyclomaticComplexity="1" nPathComplexity="0" sequenceCoverage="100" branchCoverage="100" isConstructor="False" isGetter="True" isSetter="False" isStatic="True">
              <Summary numSequencePoints="1" visitedSequencePoints="1" numBranchPoints="0" visitedBranchPoints="0" sequenceCoverage="100" branchCoverage="100" maxCyclomaticComplexity="1" minCyclomaticComplexity="1" visitedClasses="0" numClasses="0" visitedMethods="1" numMethods="1" />
              <MetadataToken />
              <Name>System.String ConsoleShopper.Domain.CustomerAddress::get_Zip()</Name>
              <FileRef uid="2" />
              <SequencePoints>
                <SequencePoint vc="42" uspid="30" ordinal="0" sl="30" sc="1" el="30" ec="2" bec="0" bev="0" fileid="2" />
              </SequencePoints>
              <BranchPoints />
              <MethodPoint vc="1" uspid="0" p8:type="SequencePoint" ordinal="4" offset="4" sc="0" sl="30" ec="1" el="30" bec="0" bev="0" fileid="2" xmlns:p8="xsi" />
            </Method>
            <Method cyclomaticComplexity="1" nPathComplexity="0" sequenceCoverage="100" branchCoverage="100" isConstructor="False" isGetter="True" isSetter="False" isStatic="True">
              <Summary numSequencePoints="1" visitedSequencePoints="1" numBranchPoints="0" visitedBranchPoints="0" sequenceCoverage="100" branchCoverage="100" maxCyclomaticComplexity="1" minCyclomaticComplexity="1" visitedClasses="0" numClasses="0" visitedMethods="1" numMethods="1" />
              <MetadataToken />
              <Name>System.Int32 ConsoleShopper.Domain.CustomerAddress::get_CustomerId()</Name>
              <FileRef uid="2" />
              <SequencePoints>
                <SequencePoint vc="40" uspid="34" ordinal="0" sl="34" sc="1" el="34" ec="2" bec="0" bev="0" fileid="2" />
              </SequencePoints>
              <BranchPoints />
              <MethodPoint vc="1" uspid="0" p8:type="SequencePoint" ordinal="5" offset="5" sc="0" sl="34" ec="1" el="34" bec="0" bev="0" fileid="2" xmlns:p8="xsi" />
            </Method>
            <Method cyclomaticComplexity="1" nPathComplexity="0" sequenceCoverage="0" branchCoverage="100" isConstructor="False" isGetter="True" isSetter="False" isStatic="True">
              <Summary numSequencePoints="1" visitedSequencePoints="0" numBranchPoints="0" visitedBranchPoints="0" sequenceCoverage="0" branchCoverage="100" maxCyclomaticComplexity="1" minCyclomaticComplexity="1" visitedClasses="0" numClasses="0" visitedMethods="0" numMethods="1" />
              <MetadataToken />
              <Name>ConsoleShopper.Domain.Customer ConsoleShopper.Domain.CustomerAddress::get_Customer()</Name>
              <FileRef uid="2" />
              <SequencePoints>
                <SequencePoint vc="0" uspid="38" ordinal="0" sl="38" sc="1" el="38" ec="2" bec="0" bev="0" fileid="2" />
              </SequencePoints>
              <BranchPoints />
              <MethodPoint vc="0" uspid="0" p8:type="SequencePoint" ordinal="6" offset="6" sc="0" sl="38" ec="1" el="38" bec="0" bev="0" fileid="2" xmlns:p8="xsi" />
            </Method>
          </Methods>
        </Class>
        <Class>
          <Summary numSequencePoints="8" visitedSequencePoints="8" numBranchPoints="0" visitedBranchPoints="0" sequenceCoverage="100" branchCoverage="100" maxCyclomaticComplexity="1" minCyclomaticComplexity="1" visitedClasses="1" numClasses="1" visitedMethods="8" numMethods="8" />
          <FullName>ConsoleShopper.Domain.InventoryItem</FullName>
          <Methods>
            <Method cyclomaticComplexity="1" nPathComplexity="0" sequenceCoverage="100" branchCoverage="100" isConstructor="False" isGetter="True" isSetter="False" isStatic="True">
              <Summary numSequencePoints="1" visitedSequencePoints="1" numBranchPoints="0" visitedBranchPoints="0" sequenceCoverage="100" branchCoverage="100" maxCyclomaticComplexity="1" minCyclomaticComplexity="1" visitedClasses="0" numClasses="0" visitedMethods="1" numMethods="1" />
              <MetadataToken />
              <Name>System.Int32 ConsoleShopper.Domain.InventoryItem::get_Id()</Name>
              <FileRef uid="3" />
              <SequencePoints>
                <SequencePoint vc="101" uspid="12" ordinal="0" sl="12" sc="1" el="12" ec="2" bec="0" bev="0" fileid="3" />
              </SequencePoints>
              <BranchPoints />
              <MethodPoint vc="1" uspid="0" p8:type="SequencePoint" ordinal="0" offset="0" sc="0" sl="12" ec="1" el="12" bec="0" bev="0" fileid="3" xmlns:p8="xsi" />
            </Method>
            <Method cyclomaticComplexity="1" nPathComplexity="0" sequenceCoverage="100" branchCoverage="100" isConstructor="False" isGetter="True" isSetter="False" isStatic="True">
              <Summary numSequencePoints="1" visitedSequencePoints="1" numBranchPoints="0" visitedBranchPoints="0" sequenceCoverage="100" branchCoverage="100" maxCyclomaticComplexity="1" minCyclomaticComplexity="1" visitedClasses="0" numClasses="0" visitedMethods="1" numMethods="1" />
              <MetadataToken />
              <Name>System.Int32 ConsoleShopper.Domain.InventoryItem::get_Quantity()</Name>
              <FileRef uid="3" />
              <SequencePoints>
                <SequencePoint vc="103" uspid="16" ordinal="0" sl="16" sc="1" el="16" ec="2" bec="0" bev="0" fileid="3" />
              </SequencePoints>
              <BranchPoints />
              <MethodPoint vc="1" uspid="0" p8:type="SequencePoint" ordinal="1" offset="1" sc="0" sl="16" ec="1" el="16" bec="0" bev="0" fileid="3" xmlns:p8="xsi" />
            </Method>
            <Method cyclomaticComplexity="1" nPathComplexity="0" sequenceCoverage="100" branchCoverage="100" isConstructor="False" isGetter="True" isSetter="False" isStatic="True">
              <Summary numSequencePoints="1" visitedSequencePoints="1" numBranchPoints="0" visitedBranchPoints="0" sequenceCoverage="100" branchCoverage="100" maxCyclomaticComplexity="1" minCyclomaticComplexity="1" visitedClasses="0" numClasses="0" visitedMethods="1" numMethods="1" />
              <MetadataToken />
              <Name>System.Int32 ConsoleShopper.Domain.InventoryItem::get_LoggedUserId()</Name>
              <FileRef uid="3" />
              <SequencePoints>
                <SequencePoint vc="101" uspid="20" ordinal="0" sl="20" sc="1" el="20" ec="2" bec="0" bev="0" fileid="3" />
              </SequencePoints>
              <BranchPoints />
              <MethodPoint vc="1" uspid="0" p8:type="SequencePoint" ordinal="2" offset="2" sc="0" sl="20" ec="1" el="20" bec="0" bev="0" fileid="3" xmlns:p8="xsi" />
            </Method>
            <Method cyclomaticComplexity="1" nPathComplexity="0" sequenceCoverage="100" branchCoverage="100" isConstructor="False" isGetter="True" isSetter="False" isStatic="True">
              <Summary numSequencePoints="1" visitedSequencePoints="1" numBranchPoints="0" visitedBranchPoints="0" sequenceCoverage="100" branchCoverage="100" maxCyclomaticComplexity="1" minCyclomaticComplexity="1" visitedClasses="0" numClasses="0" visitedMethods="1" numMethods="1" />
              <MetadataToken />
              <Name>System.Nullable`1&lt;System.DateTimeOffset&gt; ConsoleShopper.Domain.InventoryItem::get_ChangedDate()</Name>
              <FileRef uid="3" />
              <SequencePoints>
                <SequencePoint vc="101" uspid="24" ordinal="0" sl="24" sc="1" el="24" ec="2" bec="0" bev="0" fileid="3" />
              </SequencePoints>
              <BranchPoints />
              <MethodPoint vc="1" uspid="0" p8:type="SequencePoint" ordinal="3" offset="3" sc="0" sl="24" ec="1" el="24" bec="0" bev="0" fileid="3" xmlns:p8="xsi" />
            </Method>
            <Method cyclomaticComplexity="1" nPathComplexity="0" sequenceCoverage="100" branchCoverage="100" isConstructor="False" isGetter="True" isSetter="False" isStatic="True">
              <Summary numSequencePoints="1" visitedSequencePoints="1" numBranchPoints="0" visitedBranchPoints="0" sequenceCoverage="100" branchCoverage="100" maxCyclomaticComplexity="1" minCyclomaticComplexity="1" visitedClasses="0" numClasses="0" visitedMethods="1" numMethods="1" />
              <MetadataToken />
              <Name>System.Int32 ConsoleShopper.Domain.InventoryItem::get_StoreId()</Name>
              <FileRef uid="3" />
              <SequencePoints>
                <SequencePoint vc="103" uspid="28" ordinal="0" sl="28" sc="1" el="28" ec="2" bec="0" bev="0" fileid="3" />
              </SequencePoints>
              <BranchPoints />
              <MethodPoint vc="1" uspid="0" p8:type="SequencePoint" ordinal="4" offset="4" sc="0" sl="28" ec="1" el="28" bec="0" bev="0" fileid="3" xmlns:p8="xsi" />
            </Method>
            <Method cyclomaticComplexity="1" nPathComplexity="0" sequenceCoverage="100" branchCoverage="100" isConstructor="False" isGetter="True" isSetter="False" isStatic="True">
              <Summary numSequencePoints="1" visitedSequencePoints="1" numBranchPoints="0" visitedBranchPoints="0" sequenceCoverage="100" branchCoverage="100" maxCyclomaticComplexity="1" minCyclomaticComplexity="1" visitedClasses="0" numClasses="0" visitedMethods="1" numMethods="1" />
              <MetadataToken />
              <Name>ConsoleShopper.Domain.Store ConsoleShopper.Domain.InventoryItem::get_Store()</Name>
              <FileRef uid="3" />
              <SequencePoints>
                <SequencePoint vc="51" uspid="32" ordinal="0" sl="32" sc="1" el="32" ec="2" bec="0" bev="0" fileid="3" />
              </SequencePoints>
              <BranchPoints />
              <MethodPoint vc="1" uspid="0" p8:type="SequencePoint" ordinal="5" offset="5" sc="0" sl="32" ec="1" el="32" bec="0" bev="0" fileid="3" xmlns:p8="xsi" />
            </Method>
            <Method cyclomaticComplexity="1" nPathComplexity="0" sequenceCoverage="100" branchCoverage="100" isConstructor="False" isGetter="True" isSetter="False" isStatic="True">
              <Summary numSequencePoints="1" visitedSequencePoints="1" numBranchPoints="0" visitedBranchPoints="0" sequenceCoverage="100" branchCoverage="100" maxCyclomaticComplexity="1" minCyclomaticComplexity="1" visitedClasses="0" numClasses="0" visitedMethods="1" numMethods="1" />
              <MetadataToken />
              <Name>System.Int32 ConsoleShopper.Domain.InventoryItem::get_ProductId()</Name>
              <FileRef uid="3" />
              <SequencePoints>
                <SequencePoint vc="110" uspid="36" ordinal="0" sl="36" sc="1" el="36" ec="2" bec="0" bev="0" fileid="3" />
              </SequencePoints>
              <BranchPoints />
              <MethodPoint vc="1" uspid="0" p8:type="SequencePoint" ordinal="6" offset="6" sc="0" sl="36" ec="1" el="36" bec="0" bev="0" fileid="3" xmlns:p8="xsi" />
            </Method>
            <Method cyclomaticComplexity="1" nPathComplexity="0" sequenceCoverage="100" branchCoverage="100" isConstructor="False" isGetter="True" isSetter="False" isStatic="True">
              <Summary numSequencePoints="1" visitedSequencePoints="1" numBranchPoints="0" visitedBranchPoints="0" sequenceCoverage="100" branchCoverage="100" maxCyclomaticComplexity="1" minCyclomaticComplexity="1" visitedClasses="0" numClasses="0" visitedMethods="1" numMethods="1" />
              <MetadataToken />
              <Name>ConsoleShopper.Domain.Product ConsoleShopper.Domain.InventoryItem::get_Product()</Name>
              <FileRef uid="3" />
              <SequencePoints>
                <SequencePoint vc="52" uspid="40" ordinal="0" sl="40" sc="1" el="40" ec="2" bec="0" bev="0" fileid="3" />
              </SequencePoints>
              <BranchPoints />
              <MethodPoint vc="1" uspid="0" p8:type="SequencePoint" ordinal="7" offset="7" sc="0" sl="40" ec="1" el="40" bec="0" bev="0" fileid="3" xmlns:p8="xsi" />
            </Method>
          </Methods>
        </Class>
        <Class>
          <Summary numSequencePoints="11" visitedSequencePoints="9" numBranchPoints="0" visitedBranchPoints="0" sequenceCoverage="81.81" branchCoverage="100" maxCyclomaticComplexity="1" minCyclomaticComplexity="1" visitedClasses="1" numClasses="1" visitedMethods="6" numMethods="8" />
          <FullName>ConsoleShopper.Domain.Order</FullName>
          <Methods>
            <Method cyclomaticComplexity="1" nPathComplexity="0" sequenceCoverage="100" branchCoverage="100" isConstructor="False" isGetter="True" isSetter="False" isStatic="True">
              <Summary numSequencePoints="1" visitedSequencePoints="1" numBranchPoints="0" visitedBranchPoints="0" sequenceCoverage="100" branchCoverage="100" maxCyclomaticComplexity="1" minCyclomaticComplexity="1" visitedClasses="0" numClasses="0" visitedMethods="1" numMethods="1" />
              <MetadataToken />
              <Name>System.Int32 ConsoleShopper.Domain.Order::get_Id()</Name>
              <FileRef uid="4" />
              <SequencePoints>
                <SequencePoint vc="13" uspid="21" ordinal="0" sl="21" sc="1" el="21" ec="2" bec="0" bev="0" fileid="4" />
              </SequencePoints>
              <BranchPoints />
              <MethodPoint vc="1" uspid="0" p8:type="SequencePoint" ordinal="0" offset="0" sc="0" sl="21" ec="1" el="21" bec="0" bev="0" fileid="4" xmlns:p8="xsi" />
            </Method>
            <Method cyclomaticComplexity="1" nPathComplexity="0" sequenceCoverage="100" branchCoverage="100" isConstructor="False" isGetter="True" isSetter="False" isStatic="True">
              <Summary numSequencePoints="1" visitedSequencePoints="1" numBranchPoints="0" visitedBranchPoints="0" sequenceCoverage="100" branchCoverage="100" maxCyclomaticComplexity="1" minCyclomaticComplexity="1" visitedClasses="0" numClasses="0" visitedMethods="1" numMethods="1" />
              <MetadataToken />
              <Name>System.Nullable`1&lt;System.DateTimeOffset&gt; ConsoleShopper.Domain.Order::get_OrderDate()</Name>
              <FileRef uid="4" />
              <SequencePoints>
                <SequencePoint vc="13" uspid="25" ordinal="0" sl="25" sc="1" el="25" ec="2" bec="0" bev="0" fileid="4" />
              </SequencePoints>
              <BranchPoints />
              <MethodPoint vc="1" uspid="0" p8:type="SequencePoint" ordinal="1" offset="1" sc="0" sl="25" ec="1" el="25" bec="0" bev="0" fileid="4" xmlns:p8="xsi" />
            </Method>
            <Method cyclomaticComplexity="1" nPathComplexity="0" sequenceCoverage="100" branchCoverage="100" isConstructor="False" isGetter="True" isSetter="False" isStatic="True">
              <Summary numSequencePoints="1" visitedSequencePoints="1" numBranchPoints="0" visitedBranchPoints="0" sequenceCoverage="100" branchCoverage="100" maxCyclomaticComplexity="1" minCyclomaticComplexity="1" visitedClasses="0" numClasses="0" visitedMethods="1" numMethods="1" />
              <MetadataToken />
              <Name>System.Int32 ConsoleShopper.Domain.Order::get_StoreId()</Name>
              <FileRef uid="4" />
              <SequencePoints>
                <SequencePoint vc="13" uspid="29" ordinal="0" sl="29" sc="1" el="29" ec="2" bec="0" bev="0" fileid="4" />
              </SequencePoints>
              <BranchPoints />
              <MethodPoint vc="1" uspid="0" p8:type="SequencePoint" ordinal="2" offset="2" sc="0" sl="29" ec="1" el="29" bec="0" bev="0" fileid="4" xmlns:p8="xsi" />
            </Method>
            <Method cyclomaticComplexity="1" nPathComplexity="0" sequenceCoverage="0" branchCoverage="100" isConstructor="False" isGetter="True" isSetter="False" isStatic="True">
              <Summary numSequencePoints="1" visitedSequencePoints="0" numBranchPoints="0" visitedBranchPoints="0" sequenceCoverage="0" branchCoverage="100" maxCyclomaticComplexity="1" minCyclomaticComplexity="1" visitedClasses="0" numClasses="0" visitedMethods="0" numMethods="1" />
              <MetadataToken />
              <Name>ConsoleShopper.Domain.Store ConsoleShopper.Domain.Order::get_Store()</Name>
              <FileRef uid="4" />
              <SequencePoints>
                <SequencePoint vc="0" uspid="33" ordinal="0" sl="33" sc="1" el="33" ec="2" bec="0" bev="0" fileid="4" />
              </SequencePoints>
              <BranchPoints />
              <MethodPoint vc="0" uspid="0" p8:type="SequencePoint" ordinal="3" offset="3" sc="0" sl="33" ec="1" el="33" bec="0" bev="0" fileid="4" xmlns:p8="xsi" />
            </Method>
            <Method cyclomaticComplexity="1" nPathComplexity="0" sequenceCoverage="100" branchCoverage="100" isConstructor="False" isGetter="True" isSetter="False" isStatic="True">
              <Summary numSequencePoints="1" visitedSequencePoints="1" numBranchPoints="0" visitedBranchPoints="0" sequenceCoverage="100" branchCoverage="100" maxCyclomaticComplexity="1" minCyclomaticComplexity="1" visitedClasses="0" numClasses="0" visitedMethods="1" numMethods="1" />
              <MetadataToken />
              <Name>System.Int32 ConsoleShopper.Domain.Order::get_CustomerId()</Name>
              <FileRef uid="4" />
              <SequencePoints>
                <SequencePoint vc="13" uspid="37" ordinal="0" sl="37" sc="1" el="37" ec="2" bec="0" bev="0" fileid="4" />
              </SequencePoints>
              <BranchPoints />
              <MethodPoint vc="1" uspid="0" p8:type="SequencePoint" ordinal="4" offset="4" sc="0" sl="37" ec="1" el="37" bec="0" bev="0" fileid="4" xmlns:p8="xsi" />
            </Method>
            <Method cyclomaticComplexity="1" nPathComplexity="0" sequenceCoverage="0" branchCoverage="100" isConstructor="False" isGetter="True" isSetter="False" isStatic="True">
              <Summary numSequencePoints="1" visitedSequencePoints="0" numBranchPoints="0" visitedBranchPoints="0" sequenceCoverage="0" branchCoverage="100" maxCyclomaticComplexity="1" minCyclomaticComplexity="1" visitedClasses="0" numClasses="0" visitedMethods="0" numMethods="1" />
              <MetadataToken />
              <Name>ConsoleShopper.Domain.Customer ConsoleShopper.Domain.Order::get_Customer()</Name>
              <FileRef uid="4" />
              <SequencePoints>
                <SequencePoint vc="0" uspid="41" ordinal="0" sl="41" sc="1" el="41" ec="2" bec="0" bev="0" fileid="4" />
              </SequencePoints>
              <BranchPoints />
              <MethodPoint vc="0" uspid="0" p8:type="SequencePoint" ordinal="5" offset="5" sc="0" sl="41" ec="1" el="41" bec="0" bev="0" fileid="4" xmlns:p8="xsi" />
            </Method>
            <Method cyclomaticComplexity="1" nPathComplexity="0" sequenceCoverage="100" branchCoverage="100" isConstructor="False" isGetter="True" isSetter="False" isStatic="True">
              <Summary numSequencePoints="1" visitedSequencePoints="1" numBranchPoints="0" visitedBranchPoints="0" sequenceCoverage="100" branchCoverage="100" maxCyclomaticComplexity="1" minCyclomaticComplexity="1" visitedClasses="0" numClasses="0" visitedMethods="1" numMethods="1" />
              <MetadataToken />
              <Name>System.Collections.Generic.ICollection`1&lt;ConsoleShopper.Domain.OrderLineItem&gt; ConsoleShopper.Domain.Order::get_OrderLineItems()</Name>
              <FileRef uid="4" />
              <SequencePoints>
                <SequencePoint vc="13" uspid="47" ordinal="0" sl="47" sc="1" el="47" ec="2" bec="0" bev="0" fileid="4" />
              </SequencePoints>
              <BranchPoints />
              <MethodPoint vc="1" uspid="0" p8:type="SequencePoint" ordinal="6" offset="6" sc="0" sl="47" ec="1" el="47" bec="0" bev="0" fileid="4" xmlns:p8="xsi" />
            </Method>
            <Method cyclomaticComplexity="1" nPathComplexity="0" sequenceCoverage="100" branchCoverage="100" isConstructor="True" isGetter="False" isSetter="False" isStatic="True">
              <Summary numSequencePoints="4" visitedSequencePoints="4" numBranchPoints="0" visitedBranchPoints="0" sequenceCoverage="100" branchCoverage="100" maxCyclomaticComplexity="1" minCyclomaticComplexity="1" visitedClasses="0" numClasses="0" visitedMethods="1" numMethods="1" />
              <MetadataToken />
              <Name>System.Void ConsoleShopper.Domain.Order::.ctor()</Name>
              <FileRef uid="4" />
              <SequencePoints>
                <SequencePoint vc="7" uspid="12" ordinal="0" sl="12" sc="1" el="12" ec="2" bec="0" bev="0" fileid="4" />
                <SequencePoint vc="7" uspid="13" ordinal="1" sl="13" sc="1" el="13" ec="2" bec="0" bev="0" fileid="4" />
                <SequencePoint vc="7" uspid="16" ordinal="2" sl="16" sc="1" el="16" ec="2" bec="0" bev="0" fileid="4" />
                <SequencePoint vc="7" uspid="17" ordinal="3" sl="17" sc="1" el="17" ec="2" bec="0" bev="0" fileid="4" />
              </SequencePoints>
              <BranchPoints />
              <MethodPoint vc="4" uspid="0" p8:type="SequencePoint" ordinal="7" offset="7" sc="0" sl="12" ec="1" el="17" bec="0" bev="0" fileid="4" xmlns:p8="xsi" />
            </Method>
          </Methods>
        </Class>
        <Class>
          <Summary numSequencePoints="6" visitedSequencePoints="5" numBranchPoints="0" visitedBranchPoints="0" sequenceCoverage="83.33" branchCoverage="100" maxCyclomaticComplexity="1" minCyclomaticComplexity="1" visitedClasses="1" numClasses="1" visitedMethods="5" numMethods="6" />
          <FullName>ConsoleShopper.Domain.OrderLineItem</FullName>
          <Methods>
            <Method cyclomaticComplexity="1" nPathComplexity="0" sequenceCoverage="100" branchCoverage="100" isConstructor="False" isGetter="True" isSetter="False" isStatic="True">
              <Summary numSequencePoints="1" visitedSequencePoints="1" numBranchPoints="0" visitedBranchPoints="0" sequenceCoverage="100" branchCoverage="100" maxCyclomaticComplexity="1" minCyclomaticComplexity="1" visitedClasses="0" numClasses="0" visitedMethods="1" numMethods="1" />
              <MetadataToken />
              <Name>System.Int32 ConsoleShopper.Domain.OrderLineItem::get_Id()</Name>
              <FileRef uid="5" />
              <SequencePoints>
                <SequencePoint vc="15" uspid="12" ordinal="0" sl="12" sc="1" el="12" ec="2" bec="0" bev="0" fileid="5" />
              </SequencePoints>
              <BranchPoints />
              <MethodPoint vc="1" uspid="0" p8:type="SequencePoint" ordinal="0" offset="0" sc="0" sl="12" ec="1" el="12" bec="0" bev="0" fileid="5" xmlns:p8="xsi" />
            </Method>
            <Method cyclomaticComplexity="1" nPathComplexity="0" sequenceCoverage="100" branchCoverage="100" isConstructor="False" isGetter="True" isSetter="False" isStatic="True">
              <Summary numSequencePoints="1" visitedSequencePoints="1" numBranchPoints="0" visitedBranchPoints="0" sequenceCoverage="100" branchCoverage="100" maxCyclomaticComplexity="1" minCyclomaticComplexity="1" visitedClasses="0" numClasses="0" visitedMethods="1" numMethods="1" />
              <MetadataToken />
              <Name>System.Int32 ConsoleShopper.Domain.OrderLineItem::get_Quantity()</Name>
              <FileRef uid="5" />
              <SequencePoints>
                <SequencePoint vc="14" uspid="16" ordinal="0" sl="16" sc="1" el="16" ec="2" bec="0" bev="0" fileid="5" />
              </SequencePoints>
              <BranchPoints />
              <MethodPoint vc="1" uspid="0" p8:type="SequencePoint" ordinal="1" offset="1" sc="0" sl="16" ec="1" el="16" bec="0" bev="0" fileid="5" xmlns:p8="xsi" />
            </Method>
            <Method cyclomaticComplexity="1" nPathComplexity="0" sequenceCoverage="100" branchCoverage="100" isConstructor="False" isGetter="True" isSetter="False" isStatic="True">
              <Summary numSequencePoints="1" visitedSequencePoints="1" numBranchPoints="0" visitedBranchPoints="0" sequenceCoverage="100" branchCoverage="100" maxCyclomaticComplexity="1" minCyclomaticComplexity="1" visitedClasses="0" numClasses="0" visitedMethods="1" numMethods="1" />
              <MetadataToken />
              <Name>System.Decimal ConsoleShopper.Domain.OrderLineItem::get_Price()</Name>
              <FileRef uid="5" />
              <SequencePoints>
                <SequencePoint vc="12" uspid="20" ordinal="0" sl="20" sc="1" el="20" ec="2" bec="0" bev="0" fileid="5" />
              </SequencePoints>
              <BranchPoints />
              <MethodPoint vc="1" uspid="0" p8:type="SequencePoint" ordinal="2" offset="2" sc="0" sl="20" ec="1" el="20" bec="0" bev="0" fileid="5" xmlns:p8="xsi" />
            </Method>
            <Method cyclomaticComplexity="1" nPathComplexity="0" sequenceCoverage="100" branchCoverage="100" isConstructor="False" isGetter="True" isSetter="False" isStatic="True">
              <Summary numSequencePoints="1" visitedSequencePoints="1" numBranchPoints="0" visitedBranchPoints="0" sequenceCoverage="100" branchCoverage="100" maxCyclomaticComplexity="1" minCyclomaticComplexity="1" visitedClasses="0" numClasses="0" visitedMethods="1" numMethods="1" />
              <MetadataToken />
              <Name>System.Int32 ConsoleShopper.Domain.OrderLineItem::get_OrderId()</Name>
              <FileRef uid="5" />
              <SequencePoints>
                <SequencePoint vc="14" uspid="24" ordinal="0" sl="24" sc="1" el="24" ec="2" bec="0" bev="0" fileid="5" />
              </SequencePoints>
              <BranchPoints />
              <MethodPoint vc="1" uspid="0" p8:type="SequencePoint" ordinal="3" offset="3" sc="0" sl="24" ec="1" el="24" bec="0" bev="0" fileid="5" xmlns:p8="xsi" />
            </Method>
            <Method cyclomaticComplexity="1" nPathComplexity="0" sequenceCoverage="0" branchCoverage="100" isConstructor="False" isGetter="True" isSetter="False" isStatic="True">
              <Summary numSequencePoints="1" visitedSequencePoints="0" numBranchPoints="0" visitedBranchPoints="0" sequenceCoverage="0" branchCoverage="100" maxCyclomaticComplexity="1" minCyclomaticComplexity="1" visitedClasses="0" numClasses="0" visitedMethods="0" numMethods="1" />
              <MetadataToken />
              <Name>ConsoleShopper.Domain.Order ConsoleShopper.Domain.OrderLineItem::get_Order()</Name>
              <FileRef uid="5" />
              <SequencePoints>
                <SequencePoint vc="0" uspid="28" ordinal="0" sl="28" sc="1" el="28" ec="2" bec="0" bev="0" fileid="5" />
              </SequencePoints>
              <BranchPoints />
              <MethodPoint vc="0" uspid="0" p8:type="SequencePoint" ordinal="4" offset="4" sc="0" sl="28" ec="1" el="28" bec="0" bev="0" fileid="5" xmlns:p8="xsi" />
            </Method>
            <Method cyclomaticComplexity="1" nPathComplexity="0" sequenceCoverage="100" branchCoverage="100" isConstructor="False" isGetter="True" isSetter="False" isStatic="True">
              <Summary numSequencePoints="1" visitedSequencePoints="1" numBranchPoints="0" visitedBranchPoints="0" sequenceCoverage="100" branchCoverage="100" maxCyclomaticComplexity="1" minCyclomaticComplexity="1" visitedClasses="0" numClasses="0" visitedMethods="1" numMethods="1" />
              <MetadataToken />
              <Name>System.Int32 ConsoleShopper.Domain.OrderLineItem::get_InventoryItemId()</Name>
              <FileRef uid="5" />
              <SequencePoints>
                <SequencePoint vc="14" uspid="32" ordinal="0" sl="32" sc="1" el="32" ec="2" bec="0" bev="0" fileid="5" />
              </SequencePoints>
              <BranchPoints />
              <MethodPoint vc="1" uspid="0" p8:type="SequencePoint" ordinal="5" offset="5" sc="0" sl="32" ec="1" el="32" bec="0" bev="0" fileid="5" xmlns:p8="xsi" />
            </Method>
          </Methods>
        </Class>
        <Class>
          <Summary numSequencePoints="9" visitedSequencePoints="9" numBranchPoints="0" visitedBranchPoints="0" sequenceCoverage="100" branchCoverage="100" maxCyclomaticComplexity="1" minCyclomaticComplexity="1" visitedClasses="1" numClasses="1" visitedMethods="6" numMethods="6" />
          <FullName>ConsoleShopper.Domain.Product</FullName>
          <Methods>
            <Method cyclomaticComplexity="1" nPathComplexity="0" sequenceCoverage="100" branchCoverage="100" isConstructor="False" isGetter="True" isSetter="False" isStatic="True">
              <Summary numSequencePoints="1" visitedSequencePoints="1" numBranchPoints="0" visitedBranchPoints="0" sequenceCoverage="100" branchCoverage="100" maxCyclomaticComplexity="1" minCyclomaticComplexity="1" visitedClasses="0" numClasses="0" visitedMethods="1" numMethods="1" />
              <MetadataToken />
              <Name>System.Int32 ConsoleShopper.Domain.Product::get_Id()</Name>
              <FileRef uid="6" />
              <SequencePoints>
                <SequencePoint vc="21" uspid="22" ordinal="0" sl="22" sc="1" el="22" ec="2" bec="0" bev="0" fileid="6" />
              </SequencePoints>
              <BranchPoints />
              <MethodPoint vc="1" uspid="0" p8:type="SequencePoint" ordinal="0" offset="0" sc="0" sl="22" ec="1" el="22" bec="0" bev="0" fileid="6" xmlns:p8="xsi" />
            </Method>
            <Method cyclomaticComplexity="1" nPathComplexity="0" sequenceCoverage="100" branchCoverage="100" isConstructor="False" isGetter="True" isSetter="False" isStatic="True">
              <Summary numSequencePoints="1" visitedSequencePoints="1" numBranchPoints="0" visitedBranchPoints="0" sequenceCoverage="100" branchCoverage="100" maxCyclomaticComplexity="1" minCyclomaticComplexity="1" visitedClasses="0" numClasses="0" visitedMethods="1" numMethods="1" />
              <MetadataToken />
              <Name>System.String ConsoleShopper.Domain.Product::get_Name()</Name>
              <FileRef uid="6" />
              <SequencePoints>
                <SequencePoint vc="22" uspid="27" ordinal="0" sl="27" sc="1" el="27" ec="2" bec="0" bev="0" fileid="6" />
              </SequencePoints>
              <BranchPoints />
              <MethodPoint vc="1" uspid="0" p8:type="SequencePoint" ordinal="1" offset="1" sc="0" sl="27" ec="1" el="27" bec="0" bev="0" fileid="6" xmlns:p8="xsi" />
            </Method>
            <Method cyclomaticComplexity="1" nPathComplexity="0" sequenceCoverage="100" branchCoverage="100" isConstructor="False" isGetter="True" isSetter="False" isStatic="True">
              <Summary numSequencePoints="1" visitedSequencePoints="1" numBranchPoints="0" visitedBranchPoints="0" sequenceCoverage="100" branchCoverage="100" maxCyclomaticComplexity="1" minCyclomaticComplexity="1" visitedClasses="0" numClasses="0" visitedMethods="1" numMethods="1" />
              <MetadataToken />
              <Name>System.String ConsoleShopper.Domain.Product::get_ProductCode()</Name>
              <FileRef uid="6" />
              <SequencePoints>
                <SequencePoint vc="21" uspid="31" ordinal="0" sl="31" sc="1" el="31" ec="2" bec="0" bev="0" fileid="6" />
              </SequencePoints>
              <BranchPoints />
              <MethodPoint vc="1" uspid="0" p8:type="SequencePoint" ordinal="2" offset="2" sc="0" sl="31" ec="1" el="31" bec="0" bev="0" fileid="6" xmlns:p8="xsi" />
            </Method>
            <Method cyclomaticComplexity="1" nPathComplexity="0" sequenceCoverage="100" branchCoverage="100" isConstructor="False" isGetter="True" isSetter="False" isStatic="True">
              <Summary numSequencePoints="1" visitedSequencePoints="1" numBranchPoints="0" visitedBranchPoints="0" sequenceCoverage="100" branchCoverage="100" maxCyclomaticComplexity="1" minCyclomaticComplexity="1" visitedClasses="0" numClasses="0" visitedMethods="1" numMethods="1" />
              <MetadataToken />
              <Name>System.Decimal ConsoleShopper.Domain.Product::get_Price()</Name>
              <FileRef uid="6" />
              <SequencePoints>
                <SequencePoint vc="21" uspid="35" ordinal="0" sl="35" sc="1" el="35" ec="2" bec="0" bev="0" fileid="6" />
              </SequencePoints>
              <BranchPoints />
              <MethodPoint vc="1" uspid="0" p8:type="SequencePoint" ordinal="3" offset="3" sc="0" sl="35" ec="1" el="35" bec="0" bev="0" fileid="6" xmlns:p8="xsi" />
            </Method>
            <Method cyclomaticComplexity="1" nPathComplexity="0" sequenceCoverage="100" branchCoverage="100" isConstructor="False" isGetter="True" isSetter="False" isStatic="True">
              <Summary numSequencePoints="1" visitedSequencePoints="1" numBranchPoints="0" visitedBranchPoints="0" sequenceCoverage="100" branchCoverage="100" maxCyclomaticComplexity="1" minCyclomaticComplexity="1" visitedClasses="0" numClasses="0" visitedMethods="1" numMethods="1" />
              <MetadataToken />
              <Name>System.Collections.Generic.ICollection`1&lt;ConsoleShopper.Domain.InventoryItem&gt; ConsoleShopper.Domain.Product::get_Inventory()</Name>
              <FileRef uid="6" />
              <SequencePoints>
                <SequencePoint vc="22" uspid="42" ordinal="0" sl="42" sc="1" el="42" ec="2" bec="0" bev="0" fileid="6" />
              </SequencePoints>
              <BranchPoints />
              <MethodPoint vc="1" uspid="0" p8:type="SequencePoint" ordinal="4" offset="4" sc="0" sl="42" ec="1" el="42" bec="0" bev="0" fileid="6" xmlns:p8="xsi" />
            </Method>
            <Method cyclomaticComplexity="1" nPathComplexity="0" sequenceCoverage="100" branchCoverage="100" isConstructor="True" isGetter="False" isSetter="False" isStatic="True">
              <Summary numSequencePoints="4" visitedSequencePoints="4" numBranchPoints="0" visitedBranchPoints="0" sequenceCoverage="100" branchCoverage="100" maxCyclomaticComplexity="1" minCyclomaticComplexity="1" visitedClasses="0" numClasses="0" visitedMethods="1" numMethods="1" />
              <MetadataToken />
              <Name>System.Void ConsoleShopper.Domain.Product::.ctor()</Name>
              <FileRef uid="6" />
              <SequencePoints>
                <SequencePoint vc="12" uspid="13" ordinal="0" sl="13" sc="1" el="13" ec="2" bec="0" bev="0" fileid="6" />
                <SequencePoint vc="12" uspid="14" ordinal="1" sl="14" sc="1" el="14" ec="2" bec="0" bev="0" fileid="6" />
                <SequencePoint vc="12" uspid="17" ordinal="2" sl="17" sc="1" el="17" ec="2" bec="0" bev="0" fileid="6" />
                <SequencePoint vc="12" uspid="18" ordinal="3" sl="18" sc="1" el="18" ec="2" bec="0" bev="0" fileid="6" />
              </SequencePoints>
              <BranchPoints />
              <MethodPoint vc="4" uspid="0" p8:type="SequencePoint" ordinal="5" offset="5" sc="0" sl="13" ec="1" el="18" bec="0" bev="0" fileid="6" xmlns:p8="xsi" />
            </Method>
          </Methods>
        </Class>
        <Class>
          <Summary numSequencePoints="7" visitedSequencePoints="7" numBranchPoints="0" visitedBranchPoints="0" sequenceCoverage="100" branchCoverage="100" maxCyclomaticComplexity="1" minCyclomaticComplexity="1" visitedClasses="1" numClasses="1" visitedMethods="4" numMethods="4" />
          <FullName>ConsoleShopper.Domain.Store</FullName>
          <Methods>
            <Method cyclomaticComplexity="1" nPathComplexity="0" sequenceCoverage="100" branchCoverage="100" isConstructor="False" isGetter="True" isSetter="False" isStatic="True">
              <Summary numSequencePoints="1" visitedSequencePoints="1" numBranchPoints="0" visitedBranchPoints="0" sequenceCoverage="100" branchCoverage="100" maxCyclomaticComplexity="1" minCyclomaticComplexity="1" visitedClasses="0" numClasses="0" visitedMethods="1" numMethods="1" />
              <MetadataToken />
              <Name>System.Int32 ConsoleShopper.Domain.Store::get_Id()</Name>
              <FileRef uid="7" />
              <SequencePoints>
                <SequencePoint vc="11" uspid="22" ordinal="0" sl="22" sc="1" el="22" ec="2" bec="0" bev="0" fileid="7" />
              </SequencePoints>
              <BranchPoints />
              <MethodPoint vc="1" uspid="0" p8:type="SequencePoint" ordinal="0" offset="0" sc="0" sl="22" ec="1" el="22" bec="0" bev="0" fileid="7" xmlns:p8="xsi" />
            </Method>
            <Method cyclomaticComplexity="1" nPathComplexity="0" sequenceCoverage="100" branchCoverage="100" isConstructor="False" isGetter="True" isSetter="False" isStatic="True">
              <Summary numSequencePoints="1" visitedSequencePoints="1" numBranchPoints="0" visitedBranchPoints="0" sequenceCoverage="100" branchCoverage="100" maxCyclomaticComplexity="1" minCyclomaticComplexity="1" visitedClasses="0" numClasses="0" visitedMethods="1" numMethods="1" />
              <MetadataToken />
              <Name>System.String ConsoleShopper.Domain.Store::get_Name()</Name>
              <FileRef uid="7" />
              <SequencePoints>
                <SequencePoint vc="11" uspid="27" ordinal="0" sl="27" sc="1" el="27" ec="2" bec="0" bev="0" fileid="7" />
              </SequencePoints>
              <BranchPoints />
              <MethodPoint vc="1" uspid="0" p8:type="SequencePoint" ordinal="1" offset="1" sc="0" sl="27" ec="1" el="27" bec="0" bev="0" fileid="7" xmlns:p8="xsi" />
            </Method>
            <Method cyclomaticComplexity="1" nPathComplexity="0" sequenceCoverage="100" branchCoverage="100" isConstructor="False" isGetter="True" isSetter="False" isStatic="True">
              <Summary numSequencePoints="1" visitedSequencePoints="1" numBranchPoints="0" visitedBranchPoints="0" sequenceCoverage="100" branchCoverage="100" maxCyclomaticComplexity="1" minCyclomaticComplexity="1" visitedClasses="0" numClasses="0" visitedMethods="1" numMethods="1" />
              <MetadataToken />
              <Name>System.Collections.Generic.ICollection`1&lt;ConsoleShopper.Domain.InventoryItem&gt; ConsoleShopper.Domain.Store::get_Inventory()</Name>
              <FileRef uid="7" />
              <SequencePoints>
                <SequencePoint vc="12" uspid="34" ordinal="0" sl="34" sc="1" el="34" ec="2" bec="0" bev="0" fileid="7" />
              </SequencePoints>
              <BranchPoints />
              <MethodPoint vc="1" uspid="0" p8:type="SequencePoint" ordinal="2" offset="2" sc="0" sl="34" ec="1" el="34" bec="0" bev="0" fileid="7" xmlns:p8="xsi" />
            </Method>
            <Method cyclomaticComplexity="1" nPathComplexity="0" sequenceCoverage="100" branchCoverage="100" isConstructor="True" isGetter="False" isSetter="False" isStatic="True">
              <Summary numSequencePoints="4" visitedSequencePoints="4" numBranchPoints="0" visitedBranchPoints="0" sequenceCoverage="100" branchCoverage="100" maxCyclomaticComplexity="1" minCyclomaticComplexity="1" visitedClasses="0" numClasses="0" visitedMethods="1" numMethods="1" />
              <MetadataToken />
              <Name>System.Void ConsoleShopper.Domain.Store::.ctor()</Name>
              <FileRef uid="7" />
              <SequencePoints>
                <SequencePoint vc="7" uspid="13" ordinal="0" sl="13" sc="1" el="13" ec="2" bec="0" bev="0" fileid="7" />
                <SequencePoint vc="7" uspid="14" ordinal="1" sl="14" sc="1" el="14" ec="2" bec="0" bev="0" fileid="7" />
                <SequencePoint vc="7" uspid="17" ordinal="2" sl="17" sc="1" el="17" ec="2" bec="0" bev="0" fileid="7" />
                <SequencePoint vc="7" uspid="18" ordinal="3" sl="18" sc="1" el="18" ec="2" bec="0" bev="0" fileid="7" />
              </SequencePoints>
              <BranchPoints />
              <MethodPoint vc="4" uspid="0" p8:type="SequencePoint" ordinal="3" offset="3" sc="0" sl="13" ec="1" el="18" bec="0" bev="0" fileid="7" xmlns:p8="xsi" />
            </Method>
          </Methods>
        </Class>
        <Class>
          <Summary numSequencePoints="2" visitedSequencePoints="2" numBranchPoints="0" visitedBranchPoints="0" sequenceCoverage="100" branchCoverage="100" maxCyclomaticComplexity="1" minCyclomaticComplexity="1" visitedClasses="1" numClasses="1" visitedMethods="2" numMethods="2" />
          <FullName>ConsoleShopper.Domain.UserType</FullName>
          <Methods>
            <Method cyclomaticComplexity="1" nPathComplexity="0" sequenceCoverage="100" branchCoverage="100" isConstructor="False" isGetter="True" isSetter="False" isStatic="True">
              <Summary numSequencePoints="1" visitedSequencePoints="1" numBranchPoints="0" visitedBranchPoints="0" sequenceCoverage="100" branchCoverage="100" maxCyclomaticComplexity="1" minCyclomaticComplexity="1" visitedClasses="0" numClasses="0" visitedMethods="1" numMethods="1" />
              <MetadataToken />
              <Name>System.Int32 ConsoleShopper.Domain.UserType::get_Id()</Name>
              <FileRef uid="8" />
              <SequencePoints>
                <SequencePoint vc="4" uspid="12" ordinal="0" sl="12" sc="1" el="12" ec="2" bec="0" bev="0" fileid="8" />
              </SequencePoints>
              <BranchPoints />
              <MethodPoint vc="1" uspid="0" p8:type="SequencePoint" ordinal="0" offset="0" sc="0" sl="12" ec="1" el="12" bec="0" bev="0" fileid="8" xmlns:p8="xsi" />
            </Method>
            <Method cyclomaticComplexity="1" nPathComplexity="0" sequenceCoverage="100" branchCoverage="100" isConstructor="False" isGetter="True" isSetter="False" isStatic="True">
              <Summary numSequencePoints="1" visitedSequencePoints="1" numBranchPoints="0" visitedBranchPoints="0" sequenceCoverage="100" branchCoverage="100" maxCyclomaticComplexity="1" minCyclomaticComplexity="1" visitedClasses="0" numClasses="0" visitedMethods="1" numMethods="1" />
              <MetadataToken />
              <Name>System.String ConsoleShopper.Domain.UserType::get_Type()</Name>
              <FileRef uid="8" />
              <SequencePoints>
                <SequencePoint vc="4" uspid="16" ordinal="0" sl="16" sc="1" el="16" ec="2" bec="0" bev="0" fileid="8" />
              </SequencePoints>
              <BranchPoints />
              <MethodPoint vc="1" uspid="0" p8:type="SequencePoint" ordinal="1" offset="1" sc="0" sl="16" ec="1" el="16" bec="0" bev="0" fileid="8" xmlns:p8="xsi" />
            </Method>
          </Methods>
        </Class>
      </Classes>
    </Module>
    <Module hash="8E87F6AB-1D49-49FD-938D-E82CE8010FC9">
      <ModulePath>ConsoleShopper.Repository.dll</ModulePath>
      <ModuleTime>2020-05-17T04:34:14</ModuleTime>
      <ModuleName>ConsoleShopper.Repository</ModuleName>
      <Files>
        <File uid="9" fullPath="C:\Revature\sulavAryal-repo0\Project 0_Working\ConsoleShopper.Repository\Repositories\CustomerRepository.cs" />
        <File uid="10" fullPath="C:\Revature\sulavAryal-repo0\Project 0_Working\ConsoleShopper.Repository\Repositories\OrderService.cs" />
        <File uid="11" fullPath="C:\Revature\sulavAryal-repo0\Project 0_Working\ConsoleShopper.Repository\Repositories\ProductRepository.cs" />
        <File uid="12" fullPath="C:\Revature\sulavAryal-repo0\Project 0_Working\ConsoleShopper.Repository\DataAccess\ConsoleShopperDbContext.cs" />
        <File uid="13" fullPath="C:\Revature\sulavAryal-repo0\Project 0_Working\ConsoleShopper.Repository\DataAccess\SeedData\ModelBuilderExtensions.cs" />
        <File uid="14" fullPath="C:\Revature\sulavAryal-repo0\Project 0_Working\ConsoleShopper.Repository\DataAccess\CSMigration\20200505130406_InitialMigration.cs" />
        <File uid="15" fullPath="C:\Revature\sulavAryal-repo0\Project 0_Working\ConsoleShopper.Repository\DataAccess\CSMigration\20200505130406_InitialMigration.Designer.cs" />
        <File uid="16" fullPath="C:\Revature\sulavAryal-repo0\Project 0_Working\ConsoleShopper.Repository\DataAccess\CSMigration\ConsoleShopperDbContextModelSnapshot.cs" />
      </Files>
      <Classes>
        <Class>
          <Summary numSequencePoints="4" visitedSequencePoints="0" numBranchPoints="0" visitedBranchPoints="0" sequenceCoverage="0" branchCoverage="100" maxCyclomaticComplexity="1" minCyclomaticComplexity="1" visitedClasses="0" numClasses="1" visitedMethods="0" numMethods="1" />
          <FullName>ConsoleShopper.Repository.CustomerRepository</FullName>
          <Methods>
            <Method cyclomaticComplexity="1" nPathComplexity="0" sequenceCoverage="0" branchCoverage="100" isConstructor="True" isGetter="False" isSetter="False" isStatic="True">
              <Summary numSequencePoints="4" visitedSequencePoints="0" numBranchPoints="0" visitedBranchPoints="0" sequenceCoverage="0" branchCoverage="100" maxCyclomaticComplexity="1" minCyclomaticComplexity="1" visitedClasses="0" numClasses="0" visitedMethods="0" numMethods="1" />
              <MetadataToken />
              <Name>System.Void ConsoleShopper.Repository.CustomerRepository::.ctor(ConsoleShopper.Repository.DataAccess.ConsoleShopperDbContext)</Name>
              <FileRef uid="9" />
              <SequencePoints>
                <SequencePoint vc="0" uspid="18" ordinal="0" sl="18" sc="1" el="18" ec="2" bec="0" bev="0" fileid="9" />
                <SequencePoint vc="0" uspid="19" ordinal="1" sl="19" sc="1" el="19" ec="2" bec="0" bev="0" fileid="9" />
                <SequencePoint vc="0" uspid="21" ordinal="2" sl="21" sc="1" el="21" ec="2" bec="0" bev="0" fileid="9" />
                <SequencePoint vc="0" uspid="23" ordinal="3" sl="23" sc="1" el="23" ec="2" bec="0" bev="0" fileid="9" />
              </SequencePoints>
              <BranchPoints />
              <MethodPoint vc="0" uspid="0" p8:type="SequencePoint" ordinal="0" offset="0" sc="0" sl="18" ec="1" el="23" bec="0" bev="0" fileid="9" xmlns:p8="xsi" />
            </Method>
          </Methods>
        </Class>
        <Class>
          <Summary numSequencePoints="3" visitedSequencePoints="0" numBranchPoints="0" visitedBranchPoints="0" sequenceCoverage="0" branchCoverage="100" maxCyclomaticComplexity="1" minCyclomaticComplexity="1" visitedClasses="0" numClasses="1" visitedMethods="0" numMethods="1" />
          <FullName>ConsoleShopper.Repository.CustomerRepository/&lt;GetAllCustomersAsync&gt;d__2</FullName>
          <Methods>
            <Method cyclomaticComplexity="1" nPathComplexity="0" sequenceCoverage="0" branchCoverage="100" isConstructor="False" isGetter="False" isSetter="False" isStatic="True">
              <Summary numSequencePoints="3" visitedSequencePoints="0" numBranchPoints="0" visitedBranchPoints="0" sequenceCoverage="0" branchCoverage="100" maxCyclomaticComplexity="1" minCyclomaticComplexity="1" visitedClasses="0" numClasses="0" visitedMethods="0" numMethods="1" />
              <MetadataToken />
              <Name>System.Void ConsoleShopper.Repository.CustomerRepository/&lt;GetAllCustomersAsync&gt;d__2::MoveNext()</Name>
              <FileRef uid="9" />
              <SequencePoints>
                <SequencePoint vc="0" uspid="32" ordinal="0" sl="32" sc="1" el="32" ec="2" bec="0" bev="0" fileid="9" />
                <SequencePoint vc="0" uspid="33" ordinal="1" sl="33" sc="1" el="33" ec="2" bec="0" bev="0" fileid="9" />
                <SequencePoint vc="0" uspid="34" ordinal="2" sl="34" sc="1" el="34" ec="2" bec="0" bev="0" fileid="9" />
              </SequencePoints>
              <BranchPoints />
              <MethodPoint vc="0" uspid="0" p8:type="SequencePoint" ordinal="0" offset="0" sc="0" sl="32" ec="1" el="34" bec="0" bev="0" fileid="9" xmlns:p8="xsi" />
            </Method>
          </Methods>
        </Class>
        <Class>
          <Summary numSequencePoints="8" visitedSequencePoints="0" numBranchPoints="0" visitedBranchPoints="0" sequenceCoverage="0" branchCoverage="100" maxCyclomaticComplexity="1" minCyclomaticComplexity="1" visitedClasses="0" numClasses="1" visitedMethods="0" numMethods="1" />
          <FullName>ConsoleShopper.Repository.CustomerRepository/&lt;GetCustomerByIdAsync&gt;d__3</FullName>
          <Methods>
            <Method cyclomaticComplexity="1" nPathComplexity="0" sequenceCoverage="0" branchCoverage="100" isConstructor="False" isGetter="False" isSetter="False" isStatic="True">
              <Summary numSequencePoints="8" visitedSequencePoints="0" numBranchPoints="0" visitedBranchPoints="0" sequenceCoverage="0" branchCoverage="100" maxCyclomaticComplexity="1" minCyclomaticComplexity="1" visitedClasses="0" numClasses="0" visitedMethods="0" numMethods="1" />
              <MetadataToken />
              <Name>System.Void ConsoleShopper.Repository.CustomerRepository/&lt;GetCustomerByIdAsync&gt;d__3::MoveNext()</Name>
              <FileRef uid="9" />
              <SequencePoints>
                <SequencePoint vc="0" uspid="37" ordinal="0" sl="37" sc="1" el="37" ec="2" bec="0" bev="0" fileid="9" />
                <SequencePoint vc="0" uspid="39" ordinal="1" sl="39" sc="1" el="39" ec="2" bec="0" bev="0" fileid="9" />
                <SequencePoint vc="0" uspid="40" ordinal="2" sl="40" sc="1" el="40" ec="2" bec="0" bev="0" fileid="9" />
                <SequencePoint vc="0" uspid="42" ordinal="3" sl="42" sc="1" el="42" ec="2" bec="0" bev="0" fileid="9" />
                <SequencePoint vc="0" uspid="43" ordinal="4" sl="43" sc="1" el="43" ec="2" bec="0" bev="0" fileid="9" />
                <SequencePoint vc="0" uspid="45" ordinal="5" sl="45" sc="1" el="45" ec="2" bec="0" bev="0" fileid="9" />
                <SequencePoint vc="0" uspid="46" ordinal="6" sl="46" sc="1" el="46" ec="2" bec="0" bev="0" fileid="9" />
                <SequencePoint vc="0" uspid="49" ordinal="7" sl="49" sc="1" el="49" ec="2" bec="0" bev="0" fileid="9" />
              </SequencePoints>
              <BranchPoints />
              <MethodPoint vc="0" uspid="0" p8:type="SequencePoint" ordinal="0" offset="0" sc="0" sl="37" ec="1" el="49" bec="0" bev="0" fileid="9" xmlns:p8="xsi" />
            </Method>
          </Methods>
        </Class>
        <Class>
          <Summary numSequencePoints="14" visitedSequencePoints="0" numBranchPoints="2" visitedBranchPoints="0" sequenceCoverage="0" branchCoverage="0" maxCyclomaticComplexity="2" minCyclomaticComplexity="2" visitedClasses="0" numClasses="1" visitedMethods="0" numMethods="1" />
          <FullName>ConsoleShopper.Repository.CustomerRepository/&lt;GetCustomerBySearchStringAsync&gt;d__4</FullName>
          <Methods>
            <Method cyclomaticComplexity="2" nPathComplexity="0" sequenceCoverage="0" branchCoverage="0" isConstructor="False" isGetter="False" isSetter="False" isStatic="True">
              <Summary numSequencePoints="14" visitedSequencePoints="0" numBranchPoints="2" visitedBranchPoints="0" sequenceCoverage="0" branchCoverage="0" maxCyclomaticComplexity="2" minCyclomaticComplexity="2" visitedClasses="0" numClasses="0" visitedMethods="0" numMethods="1" />
              <MetadataToken />
              <Name>System.Void ConsoleShopper.Repository.CustomerRepository/&lt;GetCustomerBySearchStringAsync&gt;d__4::MoveNext()</Name>
              <FileRef uid="9" />
              <SequencePoints>
                <SequencePoint vc="0" uspid="57" ordinal="0" sl="57" sc="1" el="57" ec="2" bec="0" bev="0" fileid="9" />
                <SequencePoint vc="0" uspid="59" ordinal="1" sl="59" sc="1" el="59" ec="2" bec="0" bev="0" fileid="9" />
                <SequencePoint vc="0" uspid="60" ordinal="2" sl="60" sc="1" el="60" ec="2" bec="2" bev="0" fileid="9" />
                <SequencePoint vc="0" uspid="61" ordinal="3" sl="61" sc="1" el="61" ec="2" bec="0" bev="0" fileid="9" />
                <SequencePoint vc="0" uspid="62" ordinal="4" sl="62" sc="1" el="62" ec="2" bec="0" bev="0" fileid="9" />
                <SequencePoint vc="0" uspid="63" ordinal="5" sl="63" sc="1" el="63" ec="2" bec="0" bev="0" fileid="9" />
                <SequencePoint vc="0" uspid="64" ordinal="6" sl="64" sc="1" el="64" ec="2" bec="0" bev="0" fileid="9" />
                <SequencePoint vc="0" uspid="65" ordinal="7" sl="65" sc="1" el="65" ec="2" bec="0" bev="0" fileid="9" />
                <SequencePoint vc="0" uspid="68" ordinal="8" sl="68" sc="1" el="68" ec="2" bec="0" bev="0" fileid="9" />
                <SequencePoint vc="0" uspid="70" ordinal="9" sl="70" sc="1" el="70" ec="2" bec="0" bev="0" fileid="9" />
                <SequencePoint vc="0" uspid="71" ordinal="10" sl="71" sc="1" el="71" ec="2" bec="0" bev="0" fileid="9" />
                <SequencePoint vc="0" uspid="72" ordinal="11" sl="72" sc="1" el="72" ec="2" bec="0" bev="0" fileid="9" />
                <SequencePoint vc="0" uspid="73" ordinal="12" sl="73" sc="1" el="73" ec="2" bec="0" bev="0" fileid="9" />
                <SequencePoint vc="0" uspid="76" ordinal="13" sl="76" sc="1" el="76" ec="2" bec="0" bev="0" fileid="9" />
              </SequencePoints>
              <BranchPoints>
                <BranchPoint vc="0" uspid="60" ordinal="0" path="0" offset="76" offsetend="81" sl="60" fileid="9" />
                <BranchPoint vc="0" uspid="60" ordinal="1" path="1" offset="76" offsetend="609" sl="60" fileid="9" />
              </BranchPoints>
              <MethodPoint vc="0" uspid="0" p8:type="SequencePoint" ordinal="0" offset="0" sc="0" sl="57" ec="1" el="76" bec="0" bev="0" fileid="9" xmlns:p8="xsi" />
            </Method>
          </Methods>
        </Class>
        <Class>
          <Summary numSequencePoints="10" visitedSequencePoints="0" numBranchPoints="0" visitedBranchPoints="0" sequenceCoverage="0" branchCoverage="100" maxCyclomaticComplexity="1" minCyclomaticComplexity="1" visitedClasses="0" numClasses="1" visitedMethods="0" numMethods="1" />
          <FullName>ConsoleShopper.Repository.CustomerRepository/&lt;InsertCustomerAsync&gt;d__5</FullName>
          <Methods>
            <Method cyclomaticComplexity="1" nPathComplexity="0" sequenceCoverage="0" branchCoverage="100" isConstructor="False" isGetter="False" isSetter="False" isStatic="True">
              <Summary numSequencePoints="10" visitedSequencePoints="0" numBranchPoints="0" visitedBranchPoints="0" sequenceCoverage="0" branchCoverage="100" maxCyclomaticComplexity="1" minCyclomaticComplexity="1" visitedClasses="0" numClasses="0" visitedMethods="0" numMethods="1" />
              <MetadataToken />
              <Name>System.Void ConsoleShopper.Repository.CustomerRepository/&lt;InsertCustomerAsync&gt;d__5::MoveNext()</Name>
              <FileRef uid="9" />
              <SequencePoints>
                <SequencePoint vc="0" uspid="82" ordinal="0" sl="82" sc="1" el="82" ec="2" bec="0" bev="0" fileid="9" />
                <SequencePoint vc="0" uspid="84" ordinal="1" sl="84" sc="1" el="84" ec="2" bec="0" bev="0" fileid="9" />
                <SequencePoint vc="0" uspid="85" ordinal="2" sl="85" sc="1" el="85" ec="2" bec="0" bev="0" fileid="9" />
                <SequencePoint vc="0" uspid="86" ordinal="3" sl="86" sc="1" el="86" ec="2" bec="0" bev="0" fileid="9" />
                <SequencePoint vc="0" uspid="88" ordinal="4" sl="88" sc="1" el="88" ec="2" bec="0" bev="0" fileid="9" />
                <SequencePoint vc="0" uspid="89" ordinal="5" sl="89" sc="1" el="89" ec="2" bec="0" bev="0" fileid="9" />
                <SequencePoint vc="0" uspid="90" ordinal="6" sl="90" sc="1" el="90" ec="2" bec="0" bev="0" fileid="9" />
                <SequencePoint vc="0" uspid="91" ordinal="7" sl="91" sc="1" el="91" ec="2" bec="0" bev="0" fileid="9" />
                <SequencePoint vc="0" uspid="92" ordinal="8" sl="92" sc="1" el="92" ec="2" bec="0" bev="0" fileid="9" />
                <SequencePoint vc="0" uspid="94" ordinal="9" sl="94" sc="1" el="94" ec="2" bec="0" bev="0" fileid="9" />
              </SequencePoints>
              <BranchPoints />
              <MethodPoint vc="0" uspid="0" p8:type="SequencePoint" ordinal="0" offset="0" sc="0" sl="82" ec="1" el="94" bec="0" bev="0" fileid="9" xmlns:p8="xsi" />
            </Method>
          </Methods>
        </Class>
        <Class>
          <Summary numSequencePoints="10" visitedSequencePoints="0" numBranchPoints="0" visitedBranchPoints="0" sequenceCoverage="0" branchCoverage="100" maxCyclomaticComplexity="1" minCyclomaticComplexity="1" visitedClasses="0" numClasses="1" visitedMethods="0" numMethods="1" />
          <FullName>ConsoleShopper.Repository.CustomerRepository/&lt;UpdateCustomerAsync&gt;d__6</FullName>
          <Methods>
            <Method cyclomaticComplexity="1" nPathComplexity="0" sequenceCoverage="0" branchCoverage="100" isConstructor="False" isGetter="False" isSetter="False" isStatic="True">
              <Summary numSequencePoints="10" visitedSequencePoints="0" numBranchPoints="0" visitedBranchPoints="0" sequenceCoverage="0" branchCoverage="100" maxCyclomaticComplexity="1" minCyclomaticComplexity="1" visitedClasses="0" numClasses="0" visitedMethods="0" numMethods="1" />
              <MetadataToken />
              <Name>System.Void ConsoleShopper.Repository.CustomerRepository/&lt;UpdateCustomerAsync&gt;d__6::MoveNext()</Name>
              <FileRef uid="9" />
              <SequencePoints>
                <SequencePoint vc="0" uspid="97" ordinal="0" sl="97" sc="1" el="97" ec="2" bec="0" bev="0" fileid="9" />
                <SequencePoint vc="0" uspid="99" ordinal="1" sl="99" sc="1" el="99" ec="2" bec="0" bev="0" fileid="9" />
                <SequencePoint vc="0" uspid="100" ordinal="2" sl="100" sc="1" el="100" ec="2" bec="0" bev="0" fileid="9" />
                <SequencePoint vc="0" uspid="101" ordinal="3" sl="101" sc="1" el="101" ec="2" bec="0" bev="0" fileid="9" />
                <SequencePoint vc="0" uspid="102" ordinal="4" sl="102" sc="1" el="102" ec="2" bec="0" bev="0" fileid="9" />
                <SequencePoint vc="0" uspid="103" ordinal="5" sl="103" sc="1" el="103" ec="2" bec="0" bev="0" fileid="9" />
                <SequencePoint vc="0" uspid="104" ordinal="6" sl="104" sc="1" el="104" ec="2" bec="0" bev="0" fileid="9" />
                <SequencePoint vc="0" uspid="105" ordinal="7" sl="105" sc="1" el="105" ec="2" bec="0" bev="0" fileid="9" />
                <SequencePoint vc="0" uspid="106" ordinal="8" sl="106" sc="1" el="106" ec="2" bec="0" bev="0" fileid="9" />
                <SequencePoint vc="0" uspid="107" ordinal="9" sl="107" sc="1" el="107" ec="2" bec="0" bev="0" fileid="9" />
              </SequencePoints>
              <BranchPoints />
              <MethodPoint vc="0" uspid="0" p8:type="SequencePoint" ordinal="0" offset="0" sc="0" sl="97" ec="1" el="107" bec="0" bev="0" fileid="9" xmlns:p8="xsi" />
            </Method>
          </Methods>
        </Class>
        <Class>
          <Summary numSequencePoints="14" visitedSequencePoints="0" numBranchPoints="0" visitedBranchPoints="0" sequenceCoverage="0" branchCoverage="100" maxCyclomaticComplexity="1" minCyclomaticComplexity="1" visitedClasses="0" numClasses="1" visitedMethods="0" numMethods="1" />
          <FullName>ConsoleShopper.Repository.CustomerRepository/&lt;DeleteCustomerAsync&gt;d__7</FullName>
          <Methods>
            <Method cyclomaticComplexity="1" nPathComplexity="0" sequenceCoverage="0" branchCoverage="100" isConstructor="False" isGetter="False" isSetter="False" isStatic="True">
              <Summary numSequencePoints="14" visitedSequencePoints="0" numBranchPoints="0" visitedBranchPoints="0" sequenceCoverage="0" branchCoverage="100" maxCyclomaticComplexity="1" minCyclomaticComplexity="1" visitedClasses="0" numClasses="0" visitedMethods="0" numMethods="1" />
              <MetadataToken />
              <Name>System.Void ConsoleShopper.Repository.CustomerRepository/&lt;DeleteCustomerAsync&gt;d__7::MoveNext()</Name>
              <FileRef uid="9" />
              <SequencePoints>
                <SequencePoint vc="0" uspid="110" ordinal="0" sl="110" sc="1" el="110" ec="2" bec="0" bev="0" fileid="9" />
                <SequencePoint vc="0" uspid="111" ordinal="1" sl="111" sc="1" el="111" ec="2" bec="0" bev="0" fileid="9" />
                <SequencePoint vc="0" uspid="112" ordinal="2" sl="112" sc="1" el="112" ec="2" bec="0" bev="0" fileid="9" />
                <SequencePoint vc="0" uspid="113" ordinal="3" sl="113" sc="1" el="113" ec="2" bec="0" bev="0" fileid="9" />
                <SequencePoint vc="0" uspid="114" ordinal="4" sl="114" sc="1" el="114" ec="2" bec="0" bev="0" fileid="9" />
                <SequencePoint vc="0" uspid="116" ordinal="5" sl="116" sc="1" el="116" ec="2" bec="0" bev="0" fileid="9" />
                <SequencePoint vc="0" uspid="117" ordinal="6" sl="117" sc="1" el="117" ec="2" bec="0" bev="0" fileid="9" />
                <SequencePoint vc="0" uspid="118" ordinal="7" sl="118" sc="1" el="118" ec="2" bec="0" bev="0" fileid="9" />
                <SequencePoint vc="0" uspid="119" ordinal="8" sl="119" sc="1" el="119" ec="2" bec="0" bev="0" fileid="9" />
                <SequencePoint vc="0" uspid="120" ordinal="9" sl="120" sc="1" el="120" ec="2" bec="0" bev="0" fileid="9" />
                <SequencePoint vc="0" uspid="121" ordinal="10" sl="121" sc="1" el="121" ec="2" bec="0" bev="0" fileid="9" />
                <SequencePoint vc="0" uspid="122" ordinal="11" sl="122" sc="1" el="122" ec="2" bec="0" bev="0" fileid="9" />
                <SequencePoint vc="0" uspid="123" ordinal="12" sl="123" sc="1" el="123" ec="2" bec="0" bev="0" fileid="9" />
                <SequencePoint vc="0" uspid="125" ordinal="13" sl="125" sc="1" el="125" ec="2" bec="0" bev="0" fileid="9" />
              </SequencePoints>
              <BranchPoints />
              <MethodPoint vc="0" uspid="0" p8:type="SequencePoint" ordinal="0" offset="0" sc="0" sl="110" ec="1" el="125" bec="0" bev="0" fileid="9" xmlns:p8="xsi" />
            </Method>
          </Methods>
        </Class>
        <Class>
          <Summary numSequencePoints="12" visitedSequencePoints="0" numBranchPoints="2" visitedBranchPoints="0" sequenceCoverage="0" branchCoverage="0" maxCyclomaticComplexity="2" minCyclomaticComplexity="2" visitedClasses="0" numClasses="1" visitedMethods="0" numMethods="1" />
          <FullName>ConsoleShopper.Repository.CustomerRepository/&lt;IsAdmin&gt;d__8</FullName>
          <Methods>
            <Method cyclomaticComplexity="2" nPathComplexity="0" sequenceCoverage="0" branchCoverage="0" isConstructor="False" isGetter="False" isSetter="False" isStatic="True">
              <Summary numSequencePoints="12" visitedSequencePoints="0" numBranchPoints="2" visitedBranchPoints="0" sequenceCoverage="0" branchCoverage="0" maxCyclomaticComplexity="2" minCyclomaticComplexity="2" visitedClasses="0" numClasses="0" visitedMethods="0" numMethods="1" />
              <MetadataToken />
              <Name>System.Void ConsoleShopper.Repository.CustomerRepository/&lt;IsAdmin&gt;d__8::MoveNext()</Name>
              <FileRef uid="9" />
              <SequencePoints>
                <SequencePoint vc="0" uspid="136" ordinal="0" sl="136" sc="1" el="136" ec="2" bec="0" bev="0" fileid="9" />
                <SequencePoint vc="0" uspid="137" ordinal="1" sl="137" sc="1" el="137" ec="2" bec="0" bev="0" fileid="9" />
                <SequencePoint vc="0" uspid="138" ordinal="2" sl="138" sc="1" el="138" ec="2" bec="0" bev="0" fileid="9" />
                <SequencePoint vc="0" uspid="140" ordinal="3" sl="140" sc="1" el="140" ec="2" bec="0" bev="0" fileid="9" />
[...]
                <SequencePoint vc="0" uspid="153" ordinal="88" sl="153" sc="1" el="153" ec="2" bec="0" bev="0" fileid="28" />
                <SequencePoint vc="0" uspid="154" ordinal="89" sl="154" sc="1" el="154" ec="2" bec="0" bev="0" fileid="28" />
                <SequencePoint vc="0" uspid="155" ordinal="90" sl="155" sc="1" el="155" ec="2" bec="0" bev="0" fileid="28" />
                <SequencePoint vc="0" uspid="156" ordinal="91" sl="156" sc="1" el="156" ec="2" bec="0" bev="0" fileid="28" />
                <SequencePoint vc="0" uspid="157" ordinal="92" sl="157" sc="1" el="157" ec="2" bec="0" bev="0" fileid="28" />
                <SequencePoint vc="0" uspid="158" ordinal="93" sl="158" sc="1" el="158" ec="2" bec="0" bev="0" fileid="28" />
                <SequencePoint vc="0" uspid="159" ordinal="94" sl="159" sc="1" el="159" ec="2" bec="2" bev="0" fileid="28" />
                <SequencePoint vc="0" uspid="160" ordinal="95" sl="160" sc="1" el="160" ec="2" bec="0" bev="0" fileid="28" />
                <SequencePoint vc="0" uspid="163" ordinal="96" sl="163" sc="1" el="163" ec="2" bec="0" bev="0" fileid="28" />
                <SequencePoint vc="0" uspid="164" ordinal="97" sl="164" sc="1" el="164" ec="2" bec="0" bev="0" fileid="28" />
                <SequencePoint vc="0" uspid="165" ordinal="98" sl="165" sc="1" el="165" ec="2" bec="0" bev="0" fileid="28" />
                <SequencePoint vc="0" uspid="166" ordinal="99" sl="166" sc="1" el="166" ec="2" bec="0" bev="0" fileid="28" />
                <SequencePoint vc="0" uspid="167" ordinal="100" sl="167" sc="1" el="167" ec="2" bec="0" bev="0" fileid="28" />
                <SequencePoint vc="0" uspid="168" ordinal="101" sl="168" sc="1" el="168" ec="2" bec="0" bev="0" fileid="28" />
                <SequencePoint vc="0" uspid="169" ordinal="102" sl="169" sc="1" el="169" ec="2" bec="0" bev="0" fileid="28" />
                <SequencePoint vc="0" uspid="170" ordinal="103" sl="170" sc="1" el="170" ec="2" bec="0" bev="0" fileid="28" />
                <SequencePoint vc="0" uspid="172" ordinal="104" sl="172" sc="1" el="172" ec="2" bec="0" bev="0" fileid="28" />
                <SequencePoint vc="0" uspid="173" ordinal="105" sl="173" sc="1" el="173" ec="2" bec="0" bev="0" fileid="28" />
                <SequencePoint vc="0" uspid="174" ordinal="106" sl="174" sc="1" el="174" ec="2" bec="2" bev="0" fileid="28" />
                <SequencePoint vc="0" uspid="175" ordinal="107" sl="175" sc="1" el="175" ec="2" bec="0" bev="0" fileid="28" />
                <SequencePoint vc="0" uspid="178" ordinal="108" sl="178" sc="1" el="178" ec="2" bec="0" bev="0" fileid="28" />
                <SequencePoint vc="0" uspid="179" ordinal="109" sl="179" sc="1" el="179" ec="2" bec="0" bev="0" fileid="28" />
                <SequencePoint vc="0" uspid="180" ordinal="110" sl="180" sc="1" el="180" ec="2" bec="0" bev="0" fileid="28" />
                <SequencePoint vc="0" uspid="181" ordinal="111" sl="181" sc="1" el="181" ec="2" bec="0" bev="0" fileid="28" />
                <SequencePoint vc="0" uspid="182" ordinal="112" sl="182" sc="1" el="182" ec="2" bec="0" bev="0" fileid="28" />
                <SequencePoint vc="0" uspid="183" ordinal="113" sl="183" sc="1" el="183" ec="2" bec="0" bev="0" fileid="28" />
                <SequencePoint vc="0" uspid="184" ordinal="114" sl="184" sc="1" el="184" ec="2" bec="0" bev="0" fileid="28" />
                <SequencePoint vc="0" uspid="185" ordinal="115" sl="185" sc="1" el="185" ec="2" bec="0" bev="0" fileid="28" />
                <SequencePoint vc="0" uspid="187" ordinal="116" sl="187" sc="1" el="187" ec="2" bec="0" bev="0" fileid="28" />
                <SequencePoint vc="0" uspid="188" ordinal="117" sl="188" sc="1" el="188" ec="2" bec="0" bev="0" fileid="28" />
                <SequencePoint vc="0" uspid="189" ordinal="118" sl="189" sc="1" el="189" ec="2" bec="2" bev="0" fileid="28" />
                <SequencePoint vc="0" uspid="190" ordinal="119" sl="190" sc="1" el="190" ec="2" bec="0" bev="0" fileid="28" />
                <SequencePoint vc="0" uspid="192" ordinal="120" sl="192" sc="1" el="192" ec="2" bec="0" bev="0" fileid="28" />
                <SequencePoint vc="0" uspid="193" ordinal="121" sl="193" sc="1" el="193" ec="2" bec="0" bev="0" fileid="28" />
                <SequencePoint vc="0" uspid="194" ordinal="122" sl="194" sc="1" el="194" ec="2" bec="0" bev="0" fileid="28" />
                <SequencePoint vc="0" uspid="195" ordinal="123" sl="195" sc="1" el="195" ec="2" bec="0" bev="0" fileid="28" />
                <SequencePoint vc="0" uspid="196" ordinal="124" sl="196" sc="1" el="196" ec="2" bec="0" bev="0" fileid="28" />
                <SequencePoint vc="0" uspid="197" ordinal="125" sl="197" sc="1" el="197" ec="2" bec="0" bev="0" fileid="28" />
                <SequencePoint vc="0" uspid="198" ordinal="126" sl="198" sc="1" el="198" ec="2" bec="0" bev="0" fileid="28" />
                <SequencePoint vc="0" uspid="200" ordinal="127" sl="200" sc="1" el="200" ec="2" bec="0" bev="0" fileid="28" />
                <SequencePoint vc="0" uspid="201" ordinal="128" sl="201" sc="1" el="201" ec="2" bec="0" bev="0" fileid="28" />
                <SequencePoint vc="0" uspid="202" ordinal="129" sl="202" sc="1" el="202" ec="2" bec="0" bev="0" fileid="28" />
                <SequencePoint vc="0" uspid="203" ordinal="130" sl="203" sc="1" el="203" ec="2" bec="0" bev="0" fileid="28" />
                <SequencePoint vc="0" uspid="205" ordinal="131" sl="205" sc="1" el="205" ec="2" bec="0" bev="0" fileid="28" />
                <SequencePoint vc="0" uspid="206" ordinal="132" sl="206" sc="1" el="206" ec="2" bec="2" bev="0" fileid="28" />
                <SequencePoint vc="0" uspid="207" ordinal="133" sl="207" sc="1" el="207" ec="2" bec="0" bev="0" fileid="28" />
                <SequencePoint vc="0" uspid="210" ordinal="134" sl="210" sc="1" el="210" ec="2" bec="0" bev="0" fileid="28" />
                <SequencePoint vc="0" uspid="211" ordinal="135" sl="211" sc="1" el="211" ec="2" bec="0" bev="0" fileid="28" />
                <SequencePoint vc="0" uspid="212" ordinal="136" sl="212" sc="1" el="212" ec="2" bec="0" bev="0" fileid="28" />
                <SequencePoint vc="0" uspid="213" ordinal="137" sl="213" sc="1" el="213" ec="2" bec="0" bev="0" fileid="28" />
                <SequencePoint vc="0" uspid="214" ordinal="138" sl="214" sc="1" el="214" ec="2" bec="0" bev="0" fileid="28" />
                <SequencePoint vc="0" uspid="215" ordinal="139" sl="215" sc="1" el="215" ec="2" bec="0" bev="0" fileid="28" />
                <SequencePoint vc="0" uspid="216" ordinal="140" sl="216" sc="1" el="216" ec="2" bec="0" bev="0" fileid="28" />
                <SequencePoint vc="0" uspid="218" ordinal="141" sl="218" sc="1" el="218" ec="2" bec="0" bev="0" fileid="28" />
                <SequencePoint vc="0" uspid="219" ordinal="142" sl="219" sc="1" el="219" ec="2" bec="0" bev="0" fileid="28" />
                <SequencePoint vc="0" uspid="221" ordinal="143" sl="221" sc="1" el="221" ec="2" bec="0" bev="0" fileid="28" />
                <SequencePoint vc="0" uspid="222" ordinal="144" sl="222" sc="1" el="222" ec="2" bec="2" bev="0" fileid="28" />
                <SequencePoint vc="0" uspid="223" ordinal="145" sl="223" sc="1" el="223" ec="2" bec="0" bev="0" fileid="28" />
                <SequencePoint vc="0" uspid="225" ordinal="146" sl="225" sc="1" el="225" ec="2" bec="0" bev="0" fileid="28" />
                <SequencePoint vc="0" uspid="226" ordinal="147" sl="226" sc="1" el="226" ec="2" bec="0" bev="0" fileid="28" />
                <SequencePoint vc="0" uspid="227" ordinal="148" sl="227" sc="1" el="227" ec="2" bec="0" bev="0" fileid="28" />
                <SequencePoint vc="0" uspid="228" ordinal="149" sl="228" sc="1" el="228" ec="2" bec="0" bev="0" fileid="28" />
                <SequencePoint vc="0" uspid="229" ordinal="150" sl="229" sc="1" el="229" ec="2" bec="0" bev="0" fileid="28" />
                <SequencePoint vc="0" uspid="231" ordinal="151" sl="231" sc="1" el="231" ec="2" bec="0" bev="0" fileid="28" />
                <SequencePoint vc="0" uspid="232" ordinal="152" sl="232" sc="1" el="232" ec="2" bec="0" bev="0" fileid="28" />
                <SequencePoint vc="0" uspid="233" ordinal="153" sl="233" sc="1" el="233" ec="2" bec="0" bev="0" fileid="28" />
                <SequencePoint vc="0" uspid="234" ordinal="154" sl="234" sc="1" el="234" ec="2" bec="2" bev="0" fileid="28" />
                <SequencePoint vc="0" uspid="235" ordinal="155" sl="235" sc="1" el="235" ec="2" bec="0" bev="0" fileid="28" />
                <SequencePoint vc="0" uspid="236" ordinal="156" sl="236" sc="1" el="236" ec="2" bec="0" bev="0" fileid="28" />
                <SequencePoint vc="0" uspid="237" ordinal="157" sl="237" sc="1" el="237" ec="2" bec="0" bev="0" fileid="28" />
                <SequencePoint vc="0" uspid="238" ordinal="158" sl="238" sc="1" el="238" ec="2" bec="0" bev="0" fileid="28" />
                <SequencePoint vc="0" uspid="240" ordinal="159" sl="240" sc="1" el="240" ec="2" bec="0" bev="0" fileid="28" />
                <SequencePoint vc="0" uspid="242" ordinal="160" sl="242" sc="1" el="242" ec="2" bec="0" bev="0" fileid="28" />
                <SequencePoint vc="0" uspid="243" ordinal="161" sl="243" sc="1" el="243" ec="2" bec="2" bev="0" fileid="28" />
                <SequencePoint vc="0" uspid="244" ordinal="162" sl="244" sc="1" el="244" ec="2" bec="0" bev="0" fileid="28" />
                <SequencePoint vc="0" uspid="246" ordinal="163" sl="246" sc="1" el="246" ec="2" bec="0" bev="0" fileid="28" />
                <SequencePoint vc="0" uspid="247" ordinal="164" sl="247" sc="1" el="247" ec="2" bec="0" bev="0" fileid="28" />
                <SequencePoint vc="0" uspid="248" ordinal="165" sl="248" sc="1" el="248" ec="2" bec="0" bev="0" fileid="28" />
                <SequencePoint vc="0" uspid="249" ordinal="166" sl="249" sc="1" el="249" ec="2" bec="0" bev="0" fileid="28" />
                <SequencePoint vc="0" uspid="250" ordinal="167" sl="250" sc="1" el="250" ec="2" bec="0" bev="0" fileid="28" />
                <SequencePoint vc="0" uspid="252" ordinal="168" sl="252" sc="1" el="252" ec="2" bec="0" bev="0" fileid="28" />
                <SequencePoint vc="0" uspid="253" ordinal="169" sl="253" sc="1" el="253" ec="2" bec="0" bev="0" fileid="28" />
                <SequencePoint vc="0" uspid="255" ordinal="170" sl="255" sc="1" el="255" ec="2" bec="0" bev="0" fileid="28" />
                <SequencePoint vc="0" uspid="256" ordinal="171" sl="256" sc="1" el="256" ec="2" bec="2" bev="0" fileid="28" />
                <SequencePoint vc="0" uspid="257" ordinal="172" sl="257" sc="1" el="257" ec="2" bec="0" bev="0" fileid="28" />
                <SequencePoint vc="0" uspid="259" ordinal="173" sl="259" sc="1" el="259" ec="2" bec="0" bev="0" fileid="28" />
                <SequencePoint vc="0" uspid="261" ordinal="174" sl="261" sc="1" el="261" ec="2" bec="0" bev="0" fileid="28" />
                <SequencePoint vc="0" uspid="262" ordinal="175" sl="262" sc="1" el="262" ec="2" bec="0" bev="0" fileid="28" />
                <SequencePoint vc="0" uspid="263" ordinal="176" sl="263" sc="1" el="263" ec="2" bec="0" bev="0" fileid="28" />
                <SequencePoint vc="0" uspid="264" ordinal="177" sl="264" sc="1" el="264" ec="2" bec="0" bev="0" fileid="28" />
                <SequencePoint vc="0" uspid="266" ordinal="178" sl="266" sc="1" el="266" ec="2" bec="0" bev="0" fileid="28" />
                <SequencePoint vc="0" uspid="267" ordinal="179" sl="267" sc="1" el="267" ec="2" bec="0" bev="0" fileid="28" />
                <SequencePoint vc="0" uspid="269" ordinal="180" sl="269" sc="1" el="269" ec="2" bec="0" bev="0" fileid="28" />
                <SequencePoint vc="0" uspid="270" ordinal="181" sl="270" sc="1" el="270" ec="2" bec="2" bev="0" fileid="28" />
                <SequencePoint vc="0" uspid="271" ordinal="182" sl="271" sc="1" el="271" ec="2" bec="0" bev="0" fileid="28" />
                <SequencePoint vc="0" uspid="273" ordinal="183" sl="273" sc="1" el="273" ec="2" bec="0" bev="0" fileid="28" />
                <SequencePoint vc="0" uspid="276" ordinal="184" sl="276" sc="1" el="276" ec="2" bec="0" bev="0" fileid="28" />
                <SequencePoint vc="0" uspid="277" ordinal="185" sl="277" sc="1" el="277" ec="2" bec="0" bev="0" fileid="28" />
                <SequencePoint vc="0" uspid="278" ordinal="186" sl="278" sc="1" el="278" ec="2" bec="0" bev="0" fileid="28" />
                <SequencePoint vc="0" uspid="280" ordinal="187" sl="280" sc="1" el="280" ec="2" bec="0" bev="0" fileid="28" />
                <SequencePoint vc="0" uspid="281" ordinal="188" sl="281" sc="1" el="281" ec="2" bec="0" bev="0" fileid="28" />
                <SequencePoint vc="0" uspid="283" ordinal="189" sl="283" sc="1" el="283" ec="2" bec="0" bev="0" fileid="28" />
                <SequencePoint vc="0" uspid="284" ordinal="190" sl="284" sc="1" el="284" ec="2" bec="2" bev="0" fileid="28" />
                <SequencePoint vc="0" uspid="285" ordinal="191" sl="285" sc="1" el="285" ec="2" bec="0" bev="0" fileid="28" />
                <SequencePoint vc="0" uspid="287" ordinal="192" sl="287" sc="1" el="287" ec="2" bec="0" bev="0" fileid="28" />
                <SequencePoint vc="0" uspid="288" ordinal="193" sl="288" sc="1" el="288" ec="2" bec="0" bev="0" fileid="28" />
                <SequencePoint vc="0" uspid="289" ordinal="194" sl="289" sc="1" el="289" ec="2" bec="0" bev="0" fileid="28" />
                <SequencePoint vc="0" uspid="290" ordinal="195" sl="290" sc="1" el="290" ec="2" bec="0" bev="0" fileid="28" />
                <SequencePoint vc="0" uspid="291" ordinal="196" sl="291" sc="1" el="291" ec="2" bec="0" bev="0" fileid="28" />
                <SequencePoint vc="0" uspid="292" ordinal="197" sl="292" sc="1" el="292" ec="2" bec="0" bev="0" fileid="28" />
                <SequencePoint vc="0" uspid="293" ordinal="198" sl="293" sc="1" el="293" ec="2" bec="0" bev="0" fileid="28" />
                <SequencePoint vc="0" uspid="296" ordinal="199" sl="296" sc="1" el="296" ec="2" bec="0" bev="0" fileid="28" />
                <SequencePoint vc="0" uspid="297" ordinal="200" sl="297" sc="1" el="297" ec="2" bec="0" bev="0" fileid="28" />
                <SequencePoint vc="0" uspid="299" ordinal="201" sl="299" sc="1" el="299" ec="2" bec="0" bev="0" fileid="28" />
                <SequencePoint vc="0" uspid="301" ordinal="202" sl="301" sc="1" el="301" ec="2" bec="0" bev="0" fileid="28" />
                <SequencePoint vc="0" uspid="302" ordinal="203" sl="302" sc="1" el="302" ec="2" bec="0" bev="0" fileid="28" />
                <SequencePoint vc="0" uspid="303" ordinal="204" sl="303" sc="1" el="303" ec="2" bec="0" bev="0" fileid="28" />
                <SequencePoint vc="0" uspid="306" ordinal="205" sl="306" sc="1" el="306" ec="2" bec="0" bev="0" fileid="28" />
                <SequencePoint vc="0" uspid="307" ordinal="206" sl="307" sc="1" el="307" ec="2" bec="0" bev="0" fileid="28" />
              </SequencePoints>
              <BranchPoints>
                <BranchPoint vc="0" uspid="40" ordinal="0" path="0" offset="217" offsetend="219" sl="40" fileid="28" />
                <BranchPoint vc="0" uspid="40" ordinal="1" path="1" offset="217" offsetend="231" sl="40" fileid="28" />
                <BranchPoint vc="0" uspid="62" ordinal="2" path="0" offset="294" offsetend="299" sl="62" fileid="28" />
                <BranchPoint vc="0" uspid="73" ordinal="4" path="0" offset="384" offsetend="389" sl="73" fileid="28" />
                <BranchPoint vc="0" uspid="73" ordinal="5" path="1" offset="384" offsetend="571" sl="73" fileid="28" />
                <BranchPoint vc="0" uspid="86" ordinal="6" path="0" offset="591" offsetend="596" sl="86" fileid="28" />
                <BranchPoint vc="0" uspid="86" ordinal="7" path="1" offset="591" offsetend="779" sl="86" fileid="28" />
                <BranchPoint vc="0" uspid="100" ordinal="8" path="0" offset="799" offsetend="804" sl="100" fileid="28" />
                <BranchPoint vc="0" uspid="100" ordinal="9" path="1" offset="799" offsetend="987" sl="100" fileid="28" />
                <BranchPoint vc="0" uspid="115" ordinal="10" path="0" offset="1007" offsetend="1012" sl="115" fileid="28" />
                <BranchPoint vc="0" uspid="115" ordinal="11" path="1" offset="1007" offsetend="1175" sl="115" fileid="28" />
                <BranchPoint vc="0" uspid="62" ordinal="3" path="1" offset="294" offsetend="1206" sl="62" fileid="28" />
                <BranchPoint vc="0" uspid="133" ordinal="12" path="0" offset="1226" offsetend="1231" sl="133" fileid="28" />
                <BranchPoint vc="0" uspid="133" ordinal="13" path="1" offset="1226" offsetend="1392" sl="133" fileid="28" />
                <BranchPoint vc="0" uspid="149" ordinal="14" path="0" offset="1412" offsetend="1417" sl="149" fileid="28" />
                <BranchPoint vc="0" uspid="159" ordinal="16" path="0" offset="1521" offsetend="1526" sl="159" fileid="28" />
                <BranchPoint vc="0" uspid="159" ordinal="17" path="1" offset="1521" offsetend="1704" sl="159" fileid="28" />
                <BranchPoint vc="0" uspid="174" ordinal="18" path="0" offset="1724" offsetend="1729" sl="174" fileid="28" />
                <BranchPoint vc="0" uspid="174" ordinal="19" path="1" offset="1724" offsetend="1907" sl="174" fileid="28" />
                <BranchPoint vc="0" uspid="189" ordinal="20" path="0" offset="1927" offsetend="1932" sl="189" fileid="28" />
                <BranchPoint vc="0" uspid="189" ordinal="21" path="1" offset="1927" offsetend="2107" sl="189" fileid="28" />
                <BranchPoint vc="0" uspid="149" ordinal="15" path="1" offset="1412" offsetend="2119" sl="149" fileid="28" />
                <BranchPoint vc="0" uspid="206" ordinal="22" path="0" offset="2139" offsetend="2144" sl="206" fileid="28" />
                <BranchPoint vc="0" uspid="206" ordinal="23" path="1" offset="2139" offsetend="2322" sl="206" fileid="28" />
                <BranchPoint vc="0" uspid="222" ordinal="24" path="0" offset="2342" offsetend="2347" sl="222" fileid="28" />
                <BranchPoint vc="0" uspid="222" ordinal="25" path="1" offset="2342" offsetend="2510" sl="222" fileid="28" />
                <BranchPoint vc="0" uspid="234" ordinal="26" path="0" offset="2530" offsetend="2535" sl="234" fileid="28" />
                <BranchPoint vc="0" uspid="243" ordinal="28" path="0" offset="2611" offsetend="2616" sl="243" fileid="28" />
                <BranchPoint vc="0" uspid="243" ordinal="29" path="1" offset="2611" offsetend="2779" sl="243" fileid="28" />
                <BranchPoint vc="0" uspid="256" ordinal="30" path="0" offset="2799" offsetend="2804" sl="256" fileid="28" />
                <BranchPoint vc="0" uspid="256" ordinal="31" path="1" offset="2799" offsetend="2967" sl="256" fileid="28" />
                <BranchPoint vc="0" uspid="270" ordinal="32" path="0" offset="2987" offsetend="2989" sl="270" fileid="28" />
                <BranchPoint vc="0" uspid="270" ordinal="33" path="1" offset="2987" offsetend="3031" sl="270" fileid="28" />
                <BranchPoint vc="0" uspid="284" ordinal="34" path="0" offset="3051" offsetend="3056" sl="284" fileid="28" />
                <BranchPoint vc="0" uspid="284" ordinal="35" path="1" offset="3051" offsetend="3215" sl="284" fileid="28" />
                <BranchPoint vc="0" uspid="234" ordinal="27" path="1" offset="2530" offsetend="3221" sl="234" fileid="28" />
              </BranchPoints>
              <MethodPoint vc="0" uspid="0" p8:type="SequencePoint" ordinal="0" offset="0" sc="0" sl="19" ec="1" el="307" bec="0" bev="0" fileid="28" xmlns:p8="xsi" />
            </Method>
          </Methods>
        </Class>
      </Classes>
    </Module>
  </Modules>
</CoverageSession>